Open DHCP Server Version 1.81 Windows Build 1055

[18-Jun-22 02:04:16] Closing Network Connections...
[18-Jun-22 02:04:16] Open DHCP Server Stopped !

[18-Jun-22 02:04:17] Network changed, re-detecting Static Interfaces..
[18-Jun-22 02:04:17] No Static Interface ready, Waiting...
[18-Jun-22 08:50:44] Open DHCP Server Version 1.81 Windows Build 1055 (64bit) Starting...
[18-Jun-22 08:50:44] Logging: Normal
[18-Jun-22 08:50:44] Warning: No IP Address for DHCP Static Host 00:ff:a4:0e:ef:99 specified
[18-Jun-22 08:50:44] Warning: No IP Address for DHCP Static Host ff:00:27:78:7b:03 specified
[18-Jun-22 08:50:44] Detecting Static Interfaces..
[18-Jun-22 08:50:44] Warning: No IP Address for DHCP Static Host ff:00:27:78:7b:01 specified
[18-Jun-22 08:50:44] Warning: No IP Address for DHCP Static Host ff:00:27:78:7b:02 specified
[18-Jun-22 08:50:44] Default Lease: 36000 (sec)
[18-Jun-22 08:50:44] Server Name: TIC18-SAMPIEMOT
[18-Jun-22 08:50:44] No Static Interface ready, Waiting...
[18-Jun-22 08:50:46] Network changed, re-detecting Static Interfaces..
[18-Jun-22 08:50:46] No Static Interface ready, Waiting...
[18-Jun-22 08:50:49] Network changed, re-detecting Static Interfaces..
[18-Jun-22 08:50:49] No Static Interface ready, Waiting...
[18-Jun-22 08:50:53] Network changed, re-detecting Static Interfaces..
[18-Jun-22 08:50:53] No Static Interface ready, Waiting...
[18-Jun-22 08:50:56] Network changed, re-detecting Static Interfaces..
[18-Jun-22 08:50:56] No Static Interface ready, Waiting...
[18-Jun-22 08:52:44] Network changed, re-detecting Static Interfaces..
[18-Jun-22 08:52:44] No Static Interface ready, Waiting...
[18-Jun-22 11:31:51] Closing Network Connections...
[18-Jun-22 11:31:51] Open DHCP Server Stopped !

[18-Jun-22 11:31:53] Network changed, re-detecting Static Interfaces..
[18-Jun-22 11:31:53] No Static Interface ready, Waiting...
[18-Jun-22 11:41:12] Open DHCP Server Version 1.81 Windows Build 1055 (64bit) Starting...
[18-Jun-22 11:41:12] Logging: Normal
[18-Jun-22 11:41:13] Warning: No IP Address for DHCP Static Host ff:00:27:78:7b:02 specified
[18-Jun-22 11:41:13] Server Name: TIC18-SAMPIEMOT
[18-Jun-22 11:41:13] Detecting Static Interfaces..
[18-Jun-22 11:41:13] Warning: No IP Address for DHCP Static Host 00:ff:a4:0e:ef:99 specified
[18-Jun-22 11:41:13] Warning: No IP Address for DHCP Static Host ff:00:27:78:7b:01 specified
[18-Jun-22 11:41:13] Warning: No IP Address for DHCP Static Host ff:00:27:78:7b:03 specified
[18-Jun-22 11:41:13] Default Lease: 36000 (sec)
[18-Jun-22 11:41:13] No Static Interface ready, Waiting...
[18-Jun-22 11:41:15] Network changed, re-detecting Static Interfaces..
[18-Jun-22 11:41:15] No Static Interface ready, Waiting...
[18-Jun-22 11:41:18] Network changed, re-detecting Static Interfaces..
[18-Jun-22 11:41:18] No Static Interface ready, Waiting...
[18-Jun-22 11:41:21] Network changed, re-detecting Static Interfaces..
[18-Jun-22 11:41:21] No Static Interface ready, Waiting...
[18-Jun-22 11:41:24] Network changed, re-detecting Static Interfaces..
[18-Jun-22 11:41:24] No Static Interface ready, Waiting...
[18-Jun-22 11:43:10] Network changed, re-detecting Static Interfaces..
[18-Jun-22 11:43:10] No Static Interface ready, Waiting...
[18-Jun-22 18:09:09] Closing Network Connections...
[18-Jun-22 18:09:09] Open DHCP Server Stopped !

[18-Jun-22 19:07:30] Open DHCP Server Version 1.81 Windows Build 1055 (64bit) Starting...
[18-Jun-22 19:07:30] Logging: Normal
[18-Jun-22 19:07:31] Warning: No IP Address for DHCP Static Host 00:ff:a4:0e:ef:99 specified
[18-Jun-22 19:07:31] Warning: No IP Address for DHCP Static Host ff:00:27:78:7b:03 specified
[18-Jun-22 19:07:31] Detecting Static Interfaces..
[18-Jun-22 19:07:31] Warning: No IP Address for DHCP Static Host ff:00:27:78:7b:01 specified
[18-Jun-22 19:07:31] Warning: No IP Address for DHCP Static Host ff:00:27:78:7b:02 specified
[18-Jun-22 19:07:31] Default Lease: 36000 (sec)
[18-Jun-22 19:07:31] Server Name: TIC18-SAMPIEMOT
[18-Jun-22 19:07:31] No Static Interface ready, Waiting...
[18-Jun-22 19:07:33] Network changed, re-detecting Static Interfaces..
[18-Jun-22 19:07:33] No Static Interface ready, Waiting...
[18-Jun-22 19:07:36] Network changed, re-detecting Static Interfaces..
[18-Jun-22 19:07:36] No Static Interface ready, Waiting...
[18-Jun-22 19:07:39] Network changed, re-detecting Static Interfaces..
[18-Jun-22 19:07:39] No Static Interface ready, Waiting...
[18-Jun-22 19:07:42] Network changed, re-detecting Static Interfaces..
[18-Jun-22 19:07:42] No Static Interface ready, Waiting...
[18-Jun-22 19:09:28] Network changed, re-detecting Static Interfaces..
[18-Jun-22 19:09:28] No Static Interface ready, Waiting...
[18-Jun-22 21:53:15] Closing Network Connections...
[18-Jun-22 21:53:15] Open DHCP Server Stopped !

[18-Jun-22 21:53:16] Network changed, re-detecting Static Interfaces..
[18-Jun-22 21:53:17] No Static Interface ready, Waiting...
