[27-Jun-22 09:01:35] Open DHCP Server Version 1.81 Windows Build 1055 (64bit) Starting...
[27-Jun-22 09:01:35] Logging: Normal
[27-Jun-22 09:01:35] Warning: No IP Address for DHCP Static Host 00:ff:a4:0e:ef:99 specified
[27-Jun-22 09:01:35] Warning: No IP Address for DHCP Static Host ff:00:27:78:7b:01 specified
[27-Jun-22 09:01:35] Warning: No IP Address for DHCP Static Host ff:00:27:78:7b:03 specified
[27-Jun-22 09:01:35] Default Lease: 36000 (sec)
[27-Jun-22 09:01:35] Warning: No IP Address for DHCP Static Host ff:00:27:78:7b:02 specified
[27-Jun-22 09:01:35] Server Name: TIC18-SAMPIEMOT
[27-Jun-22 09:01:35] Detecting Static Interfaces..
[27-Jun-22 09:01:35] No Static Interface ready, Waiting...
[27-Jun-22 09:01:37] Network changed, re-detecting Static Interfaces..
[27-Jun-22 09:01:37] No Static Interface ready, Waiting...
[27-Jun-22 09:01:40] Network changed, re-detecting Static Interfaces..
[27-Jun-22 09:01:40] No Static Interface ready, Waiting...
[27-Jun-22 09:01:44] Network changed, re-detecting Static Interfaces..
[27-Jun-22 09:01:44] No Static Interface ready, Waiting...
[27-Jun-22 09:01:46] Network changed, re-detecting Static Interfaces..
[27-Jun-22 09:01:46] No Static Interface ready, Waiting...
[27-Jun-22 09:03:32] Network changed, re-detecting Static Interfaces..
[27-Jun-22 09:03:32] No Static Interface ready, Waiting...
[27-Jun-22 18:10:36] Closing Network Connections...
[27-Jun-22 18:10:37] Open DHCP Server Stopped !

[27-Jun-22 18:10:37] Network changed, re-detecting Static Interfaces..
[27-Jun-22 18:10:37] No Static Interface ready, Waiting...
[27-Jun-22 18:41:58] Open DHCP Server Version 1.81 Windows Build 1055 (64bit) Starting...
[27-Jun-22 18:41:59] Logging: Normal
[27-Jun-22 18:41:59] Warning: No IP Address for DHCP Static Host ff:00:27:78:7b:02 specified
[27-Jun-22 18:41:59] Server Name: TIC18-SAMPIEMOT
[27-Jun-22 18:41:59] Detecting Static Interfaces..
[27-Jun-22 18:41:59] Warning: No IP Address for DHCP Static Host 00:ff:a4:0e:ef:99 specified
[27-Jun-22 18:41:59] Warning: No IP Address for DHCP Static Host ff:00:27:78:7b:01 specified
[27-Jun-22 18:41:59] Warning: No IP Address for DHCP Static Host ff:00:27:78:7b:03 specified
[27-Jun-22 18:41:59] Default Lease: 36000 (sec)
[27-Jun-22 18:41:59] No Static Interface ready, Waiting...
[27-Jun-22 18:42:00] Network changed, re-detecting Static Interfaces..
[27-Jun-22 18:42:00] No Static Interface ready, Waiting...
[27-Jun-22 18:42:04] Network changed, re-detecting Static Interfaces..
[27-Jun-22 18:42:04] No Static Interface ready, Waiting...
[27-Jun-22 18:42:07] Network changed, re-detecting Static Interfaces..
[27-Jun-22 18:42:07] No Static Interface ready, Waiting...
[27-Jun-22 18:42:10] Network changed, re-detecting Static Interfaces..
[27-Jun-22 18:42:10] No Static Interface ready, Waiting...
[27-Jun-22 18:43:56] Network changed, re-detecting Static Interfaces..
[27-Jun-22 18:43:56] No Static Interface ready, Waiting...
Logging Continued on file C:\OpenDHCPServer\log\OpenDHCPServer20220628.log
