[14-Jun-22 08:42:35] Logging: Normal
[14-Jun-22 08:42:35] Open DHCP Server Version 1.81 Windows Build 1055 (64bit) Starting...
[14-Jun-22 08:42:35] Warning: No IP Address for DHCP Static Host ff:00:27:78:7b:02 specified
[14-Jun-22 08:42:35] Warning: No IP Address for DHCP Static Host ff:00:27:78:7b:01 specified
[14-Jun-22 08:42:35] Default Lease: 36000 (sec)
[14-Jun-22 08:42:35] Server Name: TIC18-SAMPIEMOT
[14-Jun-22 08:42:35] Warning: No IP Address for DHCP Static Host 00:ff:a4:0e:ef:99 specified
[14-Jun-22 08:42:35] Warning: No IP Address for DHCP Static Host ff:00:27:78:7b:03 specified
[14-Jun-22 08:42:35] Detecting Static Interfaces..
[14-Jun-22 08:42:35] No Static Interface ready, Waiting...
[14-Jun-22 08:42:37] Network changed, re-detecting Static Interfaces..
[14-Jun-22 08:42:37] No Static Interface ready, Waiting...
[14-Jun-22 08:42:40] Network changed, re-detecting Static Interfaces..
[14-Jun-22 08:42:40] No Static Interface ready, Waiting...
[14-Jun-22 08:42:44] Network changed, re-detecting Static Interfaces..
[14-Jun-22 08:42:44] No Static Interface ready, Waiting...
[14-Jun-22 08:42:47] Network changed, re-detecting Static Interfaces..
[14-Jun-22 08:42:47] No Static Interface ready, Waiting...
[14-Jun-22 08:44:33] Network changed, re-detecting Static Interfaces..
[14-Jun-22 08:44:33] No Static Interface ready, Waiting...
[14-Jun-22 11:12:24] Network changed, re-detecting Static Interfaces..
[14-Jun-22 11:12:24] Lease Status URL: http://127.0.0.1:6789
[14-Jun-22 11:12:24] Listening On: 192.168.5.10
[14-Jun-22 11:14:10] Host 8c:4b:14:c2:63:27 (espressif) allotted 192.168.5.102 for 36000 seconds
[14-Jun-22 11:28:31] Host 8c:4b:14:c2:63:27 (espressif) allotted 192.168.5.102 for 36000 seconds
[14-Jun-22 11:28:36] Host 8c:4b:14:c2:63:27 (espressif) allotted 192.168.5.102 for 36000 seconds
[14-Jun-22 11:34:47] Host 8c:4b:14:c2:63:27 (espressif) allotted 192.168.5.102 for 36000 seconds
[14-Jun-22 12:58:43] Network changed, re-detecting Static Interfaces..
[14-Jun-22 12:58:48] Closing Network Connections...
[14-Jun-22 12:58:48] Open DHCP Server Stopped !

[14-Jun-22 12:59:38] Open DHCP Server Version 1.81 Windows Build 1055 (64bit) Starting...
[14-Jun-22 12:59:38] Logging: Normal
[14-Jun-22 12:59:38] Warning: No IP Address for DHCP Static Host 00:ff:a4:0e:ef:99 specified
[14-Jun-22 12:59:38] Warning: No IP Address for DHCP Static Host ff:00:27:78:7b:03 specified
[14-Jun-22 12:59:38] Detecting Static Interfaces..
[14-Jun-22 12:59:38] Warning: No IP Address for DHCP Static Host ff:00:27:78:7b:01 specified
[14-Jun-22 12:59:38] Warning: No IP Address for DHCP Static Host ff:00:27:78:7b:02 specified
[14-Jun-22 12:59:38] Default Lease: 36000 (sec)
[14-Jun-22 12:59:38] Server Name: TIC18-SAMPIEMOT
[14-Jun-22 12:59:38] Lease Status URL: http://127.0.0.1:6789
[14-Jun-22 12:59:38] Listening On: 192.168.5.10
[14-Jun-22 12:59:40] Network changed, re-detecting Static Interfaces..
[14-Jun-22 13:00:00] No Static Interface ready, Waiting...
[14-Jun-22 13:01:36] Network changed, re-detecting Static Interfaces..
[14-Jun-22 13:01:36] No Static Interface ready, Waiting...
[14-Jun-22 14:07:40] Closing Network Connections...
[14-Jun-22 14:07:40] Open DHCP Server Stopped !

[14-Jun-22 14:07:42] Network changed, re-detecting Static Interfaces..
[14-Jun-22 14:19:59] Open DHCP Server Version 1.81 Windows Build 1055 (64bit) Starting...
[14-Jun-22 14:19:59] Logging: Normal
[14-Jun-22 14:19:59] Warning: No IP Address for DHCP Static Host 00:ff:a4:0e:ef:99 specified
[14-Jun-22 14:19:59] Warning: No IP Address for DHCP Static Host ff:00:27:78:7b:01 specified
[14-Jun-22 14:19:59] Warning: No IP Address for DHCP Static Host ff:00:27:78:7b:02 specified
[14-Jun-22 14:19:59] Warning: No IP Address for DHCP Static Host ff:00:27:78:7b:03 specified
[14-Jun-22 14:19:59] Default Lease: 36000 (sec)
[14-Jun-22 14:19:59] Server Name: TIC18-SAMPIEMOT
[14-Jun-22 14:19:59] Detecting Static Interfaces..
[14-Jun-22 14:19:59] No Static Interface ready, Waiting...
[14-Jun-22 14:20:01] Network changed, re-detecting Static Interfaces..
[14-Jun-22 14:20:01] No Static Interface ready, Waiting...
[14-Jun-22 14:20:03] Network changed, re-detecting Static Interfaces..
[14-Jun-22 14:20:03] No Static Interface ready, Waiting...
[14-Jun-22 14:20:07] Network changed, re-detecting Static Interfaces..
[14-Jun-22 14:20:07] No Static Interface ready, Waiting...
[14-Jun-22 14:20:09] Network changed, re-detecting Static Interfaces..
[14-Jun-22 14:20:09] No Static Interface ready, Waiting...
[14-Jun-22 14:21:56] Network changed, re-detecting Static Interfaces..
[14-Jun-22 14:21:56] No Static Interface ready, Waiting...
[14-Jun-22 14:47:19] Closing Network Connections...
[14-Jun-22 14:47:19] Open DHCP Server Stopped !

[14-Jun-22 14:47:21] Network changed, re-detecting Static Interfaces..
[14-Jun-22 14:47:21] No Static Interface ready, Waiting...
[14-Jun-22 16:05:10] Open DHCP Server Version 1.81 Windows Build 1055 (64bit) Starting...
[14-Jun-22 16:05:10] Logging: Normal
[14-Jun-22 16:05:10] Warning: No IP Address for DHCP Static Host ff:00:27:78:7b:02 specified
[14-Jun-22 16:05:10] Warning: No IP Address for DHCP Static Host 00:ff:a4:0e:ef:99 specified
[14-Jun-22 16:05:10] Warning: No IP Address for DHCP Static Host ff:00:27:78:7b:01 specified
[14-Jun-22 16:05:10] Warning: No IP Address for DHCP Static Host ff:00:27:78:7b:03 specified
[14-Jun-22 16:05:10] Default Lease: 36000 (sec)
[14-Jun-22 16:05:10] Server Name: TIC18-SAMPIEMOT
[14-Jun-22 16:05:10] Detecting Static Interfaces..
[14-Jun-22 16:05:10] No Static Interface ready, Waiting...
[14-Jun-22 16:05:12] Network changed, re-detecting Static Interfaces..
[14-Jun-22 16:05:13] No Static Interface ready, Waiting...
[14-Jun-22 16:05:16] Network changed, re-detecting Static Interfaces..
[14-Jun-22 16:05:16] No Static Interface ready, Waiting...
[14-Jun-22 16:05:19] Network changed, re-detecting Static Interfaces..
[14-Jun-22 16:05:19] No Static Interface ready, Waiting...
[14-Jun-22 16:05:22] Network changed, re-detecting Static Interfaces..
[14-Jun-22 16:05:22] No Static Interface ready, Waiting...
[14-Jun-22 16:07:08] Network changed, re-detecting Static Interfaces..
[14-Jun-22 16:07:08] No Static Interface ready, Waiting...
[14-Jun-22 16:08:21] Network changed, re-detecting Static Interfaces..
[14-Jun-22 16:08:21] No Static Interface ready, Waiting...
[14-Jun-22 16:10:38] Network changed, re-detecting Static Interfaces..
[14-Jun-22 16:10:38] No Static Interface ready, Waiting...
[14-Jun-22 17:37:34] Network changed, re-detecting Static Interfaces..
[14-Jun-22 17:37:34] No Static Interface ready, Waiting...
[14-Jun-22 17:57:55] Network changed, re-detecting Static Interfaces..
[14-Jun-22 17:57:56] No Static Interface ready, Waiting...
[14-Jun-22 17:57:56] Network changed, re-detecting Static Interfaces..
[14-Jun-22 17:57:56] No Static Interface ready, Waiting...
[14-Jun-22 17:57:59] Network changed, re-detecting Static Interfaces..
[14-Jun-22 17:57:59] No Static Interface ready, Waiting...
[14-Jun-22 17:58:02] Network changed, re-detecting Static Interfaces..
[14-Jun-22 17:58:02] No Static Interface ready, Waiting...
[14-Jun-22 17:58:05] Network changed, re-detecting Static Interfaces..
[14-Jun-22 17:58:05] No Static Interface ready, Waiting...
[14-Jun-22 18:01:08] Network changed, re-detecting Static Interfaces..
[14-Jun-22 18:01:08] No Static Interface ready, Waiting...
[14-Jun-22 19:33:51] Network changed, re-detecting Static Interfaces..
[14-Jun-22 19:33:51] Lease Status URL: http://127.0.0.1:6789
[14-Jun-22 19:33:51] Listening On: 192.168.5.10
[14-Jun-22 19:37:31] Host 8c:4b:14:c2:63:27 (espressif) allotted 192.168.5.102 for 36000 seconds
[14-Jun-22 20:08:31] Host 8c:4b:14:c2:63:27 (espressif) allotted 192.168.5.102 for 36000 seconds
[14-Jun-22 20:10:17] Host 8c:4b:14:c2:63:27 (espressif) allotted 192.168.5.102 for 36000 seconds
[14-Jun-22 20:12:41] Host 8c:4b:14:c2:63:27 (espressif) allotted 192.168.5.102 for 36000 seconds
[14-Jun-22 20:19:48] Host 8c:4b:14:c2:63:27 (espressif) allotted 192.168.5.102 for 36000 seconds
[14-Jun-22 20:57:36] Host 8c:4b:14:c2:63:27 (espressif) allotted 192.168.5.102 for 36000 seconds
[14-Jun-22 21:31:53] Host 8c:4b:14:c2:63:27 (espressif) allotted 192.168.5.102 for 36000 seconds
[14-Jun-22 22:52:40] Network changed, re-detecting Static Interfaces..
[14-Jun-22 22:52:54] No Static Interface ready, Waiting...
[14-Jun-22 22:54:37] Closing Network Connections...
[14-Jun-22 22:54:37] Open DHCP Server Stopped !

[14-Jun-22 23:22:39] Open DHCP Server Version 1.81 Windows Build 1055 (64bit) Starting...
[14-Jun-22 23:22:39] Logging: Normal
[14-Jun-22 23:22:39] Warning: No IP Address for DHCP Static Host ff:00:27:78:7b:01 specified
[14-Jun-22 23:22:39] Warning: No IP Address for DHCP Static Host ff:00:27:78:7b:02 specified
[14-Jun-22 23:22:39] Server Name: TIC18-SAMPIEMOT
[14-Jun-22 23:22:39] Default Lease: 36000 (sec)
[14-Jun-22 23:22:39] Warning: No IP Address for DHCP Static Host 00:ff:a4:0e:ef:99 specified
[14-Jun-22 23:22:39] Warning: No IP Address for DHCP Static Host ff:00:27:78:7b:03 specified
[14-Jun-22 23:22:39] Detecting Static Interfaces..
[14-Jun-22 23:22:39] No Static Interface ready, Waiting...
[14-Jun-22 23:22:41] Network changed, re-detecting Static Interfaces..
[14-Jun-22 23:22:41] No Static Interface ready, Waiting...
[14-Jun-22 23:22:44] Network changed, re-detecting Static Interfaces..
[14-Jun-22 23:22:44] No Static Interface ready, Waiting...
[14-Jun-22 23:22:48] Network changed, re-detecting Static Interfaces..
[14-Jun-22 23:22:48] No Static Interface ready, Waiting...
[14-Jun-22 23:22:50] Network changed, re-detecting Static Interfaces..
[14-Jun-22 23:22:50] No Static Interface ready, Waiting...
[14-Jun-22 23:24:37] Network changed, re-detecting Static Interfaces..
[14-Jun-22 23:24:37] No Static Interface ready, Waiting...
Logging Continued on file C:\OpenDHCPServer\log\OpenDHCPServer20220615.log
