Open DHCP Server Version 1.81 Windows Build 1055

[06-Jun-22 00:47:03] Closing Network Connections...
[06-Jun-22 00:47:03] Open DHCP Server Stopped !

[06-Jun-22 10:58:34] Logging: Normal
[06-Jun-22 10:58:34] Open DHCP Server Version 1.81 Windows Build 1055 (64bit) Starting...
[06-Jun-22 10:58:34] Warning: No IP Address for DHCP Static Host ff:00:27:78:7b:01 specified
[06-Jun-22 10:58:34] Warning: No IP Address for DHCP Static Host ff:00:27:78:7b:02 specified
[06-Jun-22 10:58:34] Default Lease: 36000 (sec)
[06-Jun-22 10:58:34] Server Name: TIC18-SAMPIEMOT
[06-Jun-22 10:58:34] Warning: No IP Address for DHCP Static Host 00:ff:a4:0e:ef:99 specified
[06-Jun-22 10:58:34] Warning: No IP Address for DHCP Static Host ff:00:27:78:7b:03 specified
[06-Jun-22 10:58:34] Detecting Static Interfaces..
[06-Jun-22 10:58:34] No Static Interface ready, Waiting...
[06-Jun-22 10:58:36] Network changed, re-detecting Static Interfaces..
[06-Jun-22 10:58:36] No Static Interface ready, Waiting...
[06-Jun-22 10:58:39] Network changed, re-detecting Static Interfaces..
[06-Jun-22 10:58:39] No Static Interface ready, Waiting...
[06-Jun-22 10:58:42] Network changed, re-detecting Static Interfaces..
[06-Jun-22 10:58:42] No Static Interface ready, Waiting...
[06-Jun-22 10:58:45] Network changed, re-detecting Static Interfaces..
[06-Jun-22 10:58:45] No Static Interface ready, Waiting...
[06-Jun-22 10:59:17] Network changed, re-detecting Static Interfaces..
[06-Jun-22 10:59:17] No Static Interface ready, Waiting...
[06-Jun-22 11:00:31] Network changed, re-detecting Static Interfaces..
[06-Jun-22 11:00:31] No Static Interface ready, Waiting...
[06-Jun-22 18:47:49] Open DHCP Server Stopped !

[06-Jun-22 18:47:49] Closing Network Connections...
[06-Jun-22 19:17:26] Open DHCP Server Version 1.81 Windows Build 1055 (64bit) Starting...
[06-Jun-22 19:17:26] Logging: Normal
[06-Jun-22 19:17:27] Warning: No IP Address for DHCP Static Host 00:ff:a4:0e:ef:99 specified
[06-Jun-22 19:17:27] Warning: No IP Address for DHCP Static Host ff:00:27:78:7b:03 specified
[06-Jun-22 19:17:27] Detecting Static Interfaces..
[06-Jun-22 19:17:27] Warning: No IP Address for DHCP Static Host ff:00:27:78:7b:01 specified
[06-Jun-22 19:17:27] Warning: No IP Address for DHCP Static Host ff:00:27:78:7b:02 specified
[06-Jun-22 19:17:27] Default Lease: 36000 (sec)
[06-Jun-22 19:17:27] Server Name: TIC18-SAMPIEMOT
[06-Jun-22 19:17:27] No Static Interface ready, Waiting...
[06-Jun-22 19:17:28] Network changed, re-detecting Static Interfaces..
[06-Jun-22 19:17:29] No Static Interface ready, Waiting...
[06-Jun-22 19:17:32] Network changed, re-detecting Static Interfaces..
[06-Jun-22 19:17:32] No Static Interface ready, Waiting...
[06-Jun-22 19:17:35] Network changed, re-detecting Static Interfaces..
[06-Jun-22 19:17:35] No Static Interface ready, Waiting...
[06-Jun-22 19:17:38] Network changed, re-detecting Static Interfaces..
[06-Jun-22 19:17:38] No Static Interface ready, Waiting...
[06-Jun-22 19:19:24] Network changed, re-detecting Static Interfaces..
[06-Jun-22 19:19:24] No Static Interface ready, Waiting...
Logging Continued on file C:\OpenDHCPServer\log\OpenDHCPServer20220607.log
