Open DHCP Server Version 1.81 Windows Build 1055

[11-Jun-22 01:16:20] Closing Network Connections...
[11-Jun-22 01:16:20] Open DHCP Server Stopped !

[11-Jun-22 01:16:22] Network changed, re-detecting Static Interfaces..
[11-Jun-22 01:16:22] No Static Interface ready, Waiting...
[11-Jun-22 11:32:19] Open DHCP Server Version 1.81 Windows Build 1055 (64bit) Starting...
[11-Jun-22 11:32:19] Logging: Normal
[11-Jun-22 11:32:19] Warning: No IP Address for DHCP Static Host 00:ff:a4:0e:ef:99 specified
[11-Jun-22 11:32:20] Warning: No IP Address for DHCP Static Host ff:00:27:78:7b:01 specified
[11-Jun-22 11:32:20] Warning: No IP Address for DHCP Static Host ff:00:27:78:7b:03 specified
[11-Jun-22 11:32:20] Default Lease: 36000 (sec)
[11-Jun-22 11:32:20] Warning: No IP Address for DHCP Static Host ff:00:27:78:7b:02 specified
[11-Jun-22 11:32:20] Server Name: TIC18-SAMPIEMOT
[11-Jun-22 11:32:20] Detecting Static Interfaces..
[11-Jun-22 11:32:20] No Static Interface ready, Waiting...
[11-Jun-22 11:32:21] Network changed, re-detecting Static Interfaces..
[11-Jun-22 11:32:21] No Static Interface ready, Waiting...
[11-Jun-22 11:32:25] Network changed, re-detecting Static Interfaces..
[11-Jun-22 11:32:25] No Static Interface ready, Waiting...
[11-Jun-22 11:32:28] Network changed, re-detecting Static Interfaces..
[11-Jun-22 11:32:28] No Static Interface ready, Waiting...
[11-Jun-22 11:32:31] Network changed, re-detecting Static Interfaces..
[11-Jun-22 11:32:31] No Static Interface ready, Waiting...
[11-Jun-22 11:34:17] Network changed, re-detecting Static Interfaces..
[11-Jun-22 11:34:17] No Static Interface ready, Waiting...
[11-Jun-22 17:56:21] Closing Network Connections...
[11-Jun-22 17:56:23] Open DHCP Server Stopped !

[11-Jun-22 18:48:58] Open DHCP Server Version 1.81 Windows Build 1055 (64bit) Starting...
[11-Jun-22 18:48:58] Logging: Normal
[11-Jun-22 18:48:58] Warning: No IP Address for DHCP Static Host 00:ff:a4:0e:ef:99 specified
[11-Jun-22 18:48:58] Warning: No IP Address for DHCP Static Host ff:00:27:78:7b:01 specified
[11-Jun-22 18:48:58] Warning: No IP Address for DHCP Static Host ff:00:27:78:7b:03 specified
[11-Jun-22 18:48:58] Default Lease: 36000 (sec)
[11-Jun-22 18:48:58] Warning: No IP Address for DHCP Static Host ff:00:27:78:7b:02 specified
[11-Jun-22 18:48:58] Server Name: TIC18-SAMPIEMOT
[11-Jun-22 18:48:58] Detecting Static Interfaces..
[11-Jun-22 18:48:58] No Static Interface ready, Waiting...
[11-Jun-22 18:49:00] Network changed, re-detecting Static Interfaces..
[11-Jun-22 18:49:00] No Static Interface ready, Waiting...
[11-Jun-22 18:49:03] Network changed, re-detecting Static Interfaces..
[11-Jun-22 18:49:03] No Static Interface ready, Waiting...
[11-Jun-22 18:49:08] Network changed, re-detecting Static Interfaces..
[11-Jun-22 18:49:08] No Static Interface ready, Waiting...
[11-Jun-22 18:49:10] Network changed, re-detecting Static Interfaces..
[11-Jun-22 18:49:10] No Static Interface ready, Waiting...
[11-Jun-22 18:50:55] Network changed, re-detecting Static Interfaces..
[11-Jun-22 18:50:55] No Static Interface ready, Waiting...
Logging Continued on file C:\OpenDHCPServer\log\OpenDHCPServer20220612.log
