Open DHCP Server Version 1.81 Windows Build 1055

[30-Jun-22 00:40:21] Closing Network Connections...
[30-Jun-22 00:40:21] Open DHCP Server Stopped !

[30-Jun-22 09:14:04] Open DHCP Server Version 1.81 Windows Build 1055 (64bit) Starting...
[30-Jun-22 09:14:04] Logging: Normal
[30-Jun-22 09:14:05] Warning: No IP Address for DHCP Static Host 00:ff:a4:0e:ef:99 specified
[30-Jun-22 09:14:05] Warning: No IP Address for DHCP Static Host ff:00:27:78:7b:03 specified
[30-Jun-22 09:14:05] Detecting Static Interfaces..
[30-Jun-22 09:14:05] Warning: No IP Address for DHCP Static Host ff:00:27:78:7b:01 specified
[30-Jun-22 09:14:05] Warning: No IP Address for DHCP Static Host ff:00:27:78:7b:02 specified
[30-Jun-22 09:14:05] Server Name: TIC18-SAMPIEMOT
[30-Jun-22 09:14:05] Default Lease: 36000 (sec)
[30-Jun-22 09:14:05] No Static Interface ready, Waiting...
[30-Jun-22 09:14:07] Network changed, re-detecting Static Interfaces..
[30-Jun-22 09:14:07] No Static Interface ready, Waiting...
[30-Jun-22 09:14:09] Network changed, re-detecting Static Interfaces..
[30-Jun-22 09:14:09] No Static Interface ready, Waiting...
[30-Jun-22 09:14:12] Network changed, re-detecting Static Interfaces..
[30-Jun-22 09:14:12] No Static Interface ready, Waiting...
[30-Jun-22 09:14:15] Network changed, re-detecting Static Interfaces..
[30-Jun-22 09:14:15] No Static Interface ready, Waiting...
[30-Jun-22 09:16:01] Network changed, re-detecting Static Interfaces..
[30-Jun-22 09:16:01] No Static Interface ready, Waiting...
[30-Jun-22 12:38:06] Open DHCP Server Stopped !

[30-Jun-22 12:38:06] Closing Network Connections...
[30-Jun-22 13:03:39] Open DHCP Server Version 1.81 Windows Build 1055 (64bit) Starting...
[30-Jun-22 13:03:39] Logging: Normal
[30-Jun-22 13:03:39] Warning: No IP Address for DHCP Static Host ff:00:27:78:7b:02 specified
[30-Jun-22 13:03:39] Server Name: TIC18-SAMPIEMOT
[30-Jun-22 13:03:39] Detecting Static Interfaces..
[30-Jun-22 13:03:39] Warning: No IP Address for DHCP Static Host 00:ff:a4:0e:ef:99 specified
[30-Jun-22 13:03:39] Warning: No IP Address for DHCP Static Host ff:00:27:78:7b:01 specified
[30-Jun-22 13:03:39] Warning: No IP Address for DHCP Static Host ff:00:27:78:7b:03 specified
[30-Jun-22 13:03:39] Default Lease: 36000 (sec)
[30-Jun-22 13:03:39] No Static Interface ready, Waiting...
[30-Jun-22 13:03:41] Network changed, re-detecting Static Interfaces..
[30-Jun-22 13:03:41] No Static Interface ready, Waiting...
[30-Jun-22 13:03:44] Network changed, re-detecting Static Interfaces..
[30-Jun-22 13:03:44] No Static Interface ready, Waiting...
[30-Jun-22 13:03:47] Network changed, re-detecting Static Interfaces..
[30-Jun-22 13:03:47] No Static Interface ready, Waiting...
[30-Jun-22 13:03:50] Network changed, re-detecting Static Interfaces..
[30-Jun-22 13:03:50] No Static Interface ready, Waiting...
[30-Jun-22 13:05:36] Network changed, re-detecting Static Interfaces..
[30-Jun-22 13:05:36] No Static Interface ready, Waiting...
[30-Jun-22 16:35:13] Network changed, re-detecting Static Interfaces..
[30-Jun-22 16:35:13] No Static Interface ready, Waiting...
[30-Jun-22 16:38:23] Network changed, re-detecting Static Interfaces..
[30-Jun-22 16:38:23] No Static Interface ready, Waiting...
[30-Jun-22 18:59:08] Open DHCP Server Stopped !

[30-Jun-22 18:59:08] Closing Network Connections...
[30-Jun-22 19:40:20] Open DHCP Server Version 1.81 Windows Build 1055 (64bit) Starting...
[30-Jun-22 19:40:20] Logging: Normal
[30-Jun-22 19:40:20] Warning: No IP Address for DHCP Static Host ff:00:27:78:7b:01 specified
[30-Jun-22 19:40:20] Warning: No IP Address for DHCP Static Host ff:00:27:78:7b:02 specified
[30-Jun-22 19:40:20] Default Lease: 36000 (sec)
[30-Jun-22 19:40:20] Server Name: TIC18-SAMPIEMOT
[30-Jun-22 19:40:20] Warning: No IP Address for DHCP Static Host 00:ff:a4:0e:ef:99 specified
[30-Jun-22 19:40:20] Warning: No IP Address for DHCP Static Host ff:00:27:78:7b:03 specified
[30-Jun-22 19:40:20] Detecting Static Interfaces..
[30-Jun-22 19:40:20] No Static Interface ready, Waiting...
[30-Jun-22 19:40:22] Network changed, re-detecting Static Interfaces..
[30-Jun-22 19:40:22] No Static Interface ready, Waiting...
[30-Jun-22 19:40:25] Network changed, re-detecting Static Interfaces..
[30-Jun-22 19:40:25] No Static Interface ready, Waiting...
[30-Jun-22 19:40:28] Network changed, re-detecting Static Interfaces..
[30-Jun-22 19:40:28] No Static Interface ready, Waiting...
[30-Jun-22 19:40:31] Network changed, re-detecting Static Interfaces..
[30-Jun-22 19:40:31] No Static Interface ready, Waiting...
[30-Jun-22 19:42:17] Network changed, re-detecting Static Interfaces..
[30-Jun-22 19:42:17] No Static Interface ready, Waiting...
[30-Jun-22 19:43:36] Network changed, re-detecting Static Interfaces..
[30-Jun-22 19:43:36] No Static Interface ready, Waiting...
[30-Jun-22 19:46:46] Network changed, re-detecting Static Interfaces..
[30-Jun-22 19:46:46] No Static Interface ready, Waiting...
Logging Continued on file C:\OpenDHCPServer\log\OpenDHCPServer20220701.log
