Open DHCP Server Version 1.81 Windows Build 1055

[04-Jun-22 00:42:27] Closing Network Connections...
[04-Jun-22 00:42:28] Open DHCP Server Stopped !

[04-Jun-22 11:51:01] Open DHCP Server Version 1.81 Windows Build 1055 (64bit) Starting...
[04-Jun-22 11:51:01] Logging: Normal
[04-Jun-22 11:51:01] Warning: No IP Address for DHCP Static Host 00:ff:a4:0e:ef:99 specified
[04-Jun-22 11:51:01] Warning: No IP Address for DHCP Static Host ff:00:27:78:7b:01 specified
[04-Jun-22 11:51:01] Warning: No IP Address for DHCP Static Host ff:00:27:78:7b:03 specified
[04-Jun-22 11:51:01] Default Lease: 36000 (sec)
[04-Jun-22 11:51:01] Warning: No IP Address for DHCP Static Host ff:00:27:78:7b:02 specified
[04-Jun-22 11:51:01] Server Name: TIC18-SAMPIEMOT
[04-Jun-22 11:51:01] Detecting Static Interfaces..
[04-Jun-22 11:51:01] No Static Interface ready, Waiting...
[04-Jun-22 11:51:03] Network changed, re-detecting Static Interfaces..
[04-Jun-22 11:51:03] No Static Interface ready, Waiting...
[04-Jun-22 11:51:06] Network changed, re-detecting Static Interfaces..
[04-Jun-22 11:51:06] No Static Interface ready, Waiting...
[04-Jun-22 11:51:09] Network changed, re-detecting Static Interfaces..
[04-Jun-22 11:51:09] No Static Interface ready, Waiting...
[04-Jun-22 11:51:12] Network changed, re-detecting Static Interfaces..
[04-Jun-22 11:51:12] No Static Interface ready, Waiting...
[04-Jun-22 11:52:58] Network changed, re-detecting Static Interfaces..
[04-Jun-22 11:52:58] No Static Interface ready, Waiting...
[04-Jun-22 14:17:57] Closing Network Connections...
[04-Jun-22 14:17:57] Open DHCP Server Stopped !

[04-Jun-22 14:17:59] Network changed, re-detecting Static Interfaces..
[04-Jun-22 14:17:59] No Static Interface ready, Waiting...
[04-Jun-22 15:09:49] Open DHCP Server Version 1.81 Windows Build 1055 (64bit) Starting...
[04-Jun-22 15:09:49] Logging: Normal
[04-Jun-22 15:09:50] Warning: No IP Address for DHCP Static Host ff:00:27:78:7b:02 specified
[04-Jun-22 15:09:50] Server Name: TIC18-SAMPIEMOT
[04-Jun-22 15:09:50] Detecting Static Interfaces..
[04-Jun-22 15:09:50] Warning: No IP Address for DHCP Static Host 00:ff:a4:0e:ef:99 specified
[04-Jun-22 15:09:50] Warning: No IP Address for DHCP Static Host ff:00:27:78:7b:01 specified
[04-Jun-22 15:09:50] Warning: No IP Address for DHCP Static Host ff:00:27:78:7b:03 specified
[04-Jun-22 15:09:50] Default Lease: 36000 (sec)
[04-Jun-22 15:09:50] No Static Interface ready, Waiting...
[04-Jun-22 15:09:52] Network changed, re-detecting Static Interfaces..
[04-Jun-22 15:09:52] No Static Interface ready, Waiting...
[04-Jun-22 15:09:55] Network changed, re-detecting Static Interfaces..
[04-Jun-22 15:09:55] No Static Interface ready, Waiting...
[04-Jun-22 15:09:58] Network changed, re-detecting Static Interfaces..
[04-Jun-22 15:09:58] No Static Interface ready, Waiting...
[04-Jun-22 15:10:01] Network changed, re-detecting Static Interfaces..
[04-Jun-22 15:10:01] No Static Interface ready, Waiting...
[04-Jun-22 15:11:47] Network changed, re-detecting Static Interfaces..
[04-Jun-22 15:11:47] No Static Interface ready, Waiting...
[04-Jun-22 15:14:33] Network changed, re-detecting Static Interfaces..
[04-Jun-22 15:14:33] No Static Interface ready, Waiting...
[04-Jun-22 15:17:42] Network changed, re-detecting Static Interfaces..
[04-Jun-22 15:17:42] No Static Interface ready, Waiting...
[04-Jun-22 16:56:12] Open DHCP Server Stopped !

[04-Jun-22 16:56:12] Closing Network Connections...
[04-Jun-22 17:30:10] Logging: Normal
[04-Jun-22 17:30:10] Open DHCP Server Version 1.81 Windows Build 1055 (64bit) Starting...
[04-Jun-22 17:30:10] Warning: No IP Address for DHCP Static Host ff:00:27:78:7b:01 specified
[04-Jun-22 17:30:10] Warning: No IP Address for DHCP Static Host ff:00:27:78:7b:02 specified
[04-Jun-22 17:30:10] Warning: No IP Address for DHCP Static Host 00:ff:a4:0e:ef:99 specified
[04-Jun-22 17:30:10] Warning: No IP Address for DHCP Static Host ff:00:27:78:7b:03 specified
[04-Jun-22 17:30:10] Default Lease: 36000 (sec)
[04-Jun-22 17:30:10] Detecting Static Interfaces..
[04-Jun-22 17:30:10] Server Name: TIC18-SAMPIEMOT
[04-Jun-22 17:30:11] No Static Interface ready, Waiting...
[04-Jun-22 17:30:12] Network changed, re-detecting Static Interfaces..
[04-Jun-22 17:30:12] No Static Interface ready, Waiting...
[04-Jun-22 17:30:15] Network changed, re-detecting Static Interfaces..
[04-Jun-22 17:30:15] No Static Interface ready, Waiting...
[04-Jun-22 17:30:18] Network changed, re-detecting Static Interfaces..
[04-Jun-22 17:30:18] No Static Interface ready, Waiting...
[04-Jun-22 17:30:21] Network changed, re-detecting Static Interfaces..
[04-Jun-22 17:30:21] No Static Interface ready, Waiting...
[04-Jun-22 17:32:07] Network changed, re-detecting Static Interfaces..
[04-Jun-22 17:32:07] No Static Interface ready, Waiting...
[04-Jun-22 17:33:26] Network changed, re-detecting Static Interfaces..
[04-Jun-22 17:33:26] No Static Interface ready, Waiting...
[04-Jun-22 17:36:35] Network changed, re-detecting Static Interfaces..
[04-Jun-22 17:36:35] No Static Interface ready, Waiting...
[04-Jun-22 19:04:58] Closing Network Connections...
[04-Jun-22 19:04:58] Open DHCP Server Stopped !

[04-Jun-22 19:05:00] Network changed, re-detecting Static Interfaces..
[04-Jun-22 19:05:00] No Static Interface ready, Waiting...
[04-Jun-22 19:06:07] Open DHCP Server Version 1.81 Windows Build 1055 (64bit) Starting...
[04-Jun-22 19:06:07] Logging: Normal
[04-Jun-22 19:06:07] Warning: No IP Address for DHCP Static Host ff:00:27:78:7b:02 specified
[04-Jun-22 19:06:07] Server Name: TIC18-SAMPIEMOT
[04-Jun-22 19:06:07] Detecting Static Interfaces..
[04-Jun-22 19:06:07] Warning: No IP Address for DHCP Static Host 00:ff:a4:0e:ef:99 specified
[04-Jun-22 19:06:07] Warning: No IP Address for DHCP Static Host ff:00:27:78:7b:01 specified
[04-Jun-22 19:06:07] Warning: No IP Address for DHCP Static Host ff:00:27:78:7b:03 specified
[04-Jun-22 19:06:07] Default Lease: 36000 (sec)
[04-Jun-22 19:06:07] No Static Interface ready, Waiting...
[04-Jun-22 19:06:10] Network changed, re-detecting Static Interfaces..
[04-Jun-22 19:06:10] No Static Interface ready, Waiting...
[04-Jun-22 19:06:13] Network changed, re-detecting Static Interfaces..
[04-Jun-22 19:06:13] No Static Interface ready, Waiting...
[04-Jun-22 19:06:17] Network changed, re-detecting Static Interfaces..
[04-Jun-22 19:06:17] No Static Interface ready, Waiting...
[04-Jun-22 19:06:20] Network changed, re-detecting Static Interfaces..
[04-Jun-22 19:06:20] No Static Interface ready, Waiting...
[04-Jun-22 19:08:06] Network changed, re-detecting Static Interfaces..
[04-Jun-22 19:08:06] No Static Interface ready, Waiting...
Logging Continued on file C:\OpenDHCPServer\log\OpenDHCPServer20220605.log
