Open DHCP Server Version 1.81 Windows Build 1055

[15-Jun-22 00:56:52] Closing Network Connections...
[15-Jun-22 00:56:52] Open DHCP Server Stopped !

[15-Jun-22 00:56:53] Network changed, re-detecting Static Interfaces..
[15-Jun-22 00:56:53] No Static Interface ready, Waiting...
[15-Jun-22 13:29:53] Logging: Normal
[15-Jun-22 13:29:53] Open DHCP Server Version 1.81 Windows Build 1055 (64bit) Starting...
[15-Jun-22 13:29:53] Warning: No IP Address for DHCP Static Host ff:00:27:78:7b:01 specified
[15-Jun-22 13:29:53] Warning: No IP Address for DHCP Static Host ff:00:27:78:7b:02 specified
[15-Jun-22 13:29:53] Default Lease: 36000 (sec)
[15-Jun-22 13:29:53] Server Name: TIC18-SAMPIEMOT
[15-Jun-22 13:29:53] Warning: No IP Address for DHCP Static Host 00:ff:a4:0e:ef:99 specified
[15-Jun-22 13:29:53] Warning: No IP Address for DHCP Static Host ff:00:27:78:7b:03 specified
[15-Jun-22 13:29:53] Detecting Static Interfaces..
[15-Jun-22 13:29:53] No Static Interface ready, Waiting...
[15-Jun-22 13:29:55] Network changed, re-detecting Static Interfaces..
[15-Jun-22 13:29:55] No Static Interface ready, Waiting...
[15-Jun-22 13:29:58] Network changed, re-detecting Static Interfaces..
[15-Jun-22 13:29:58] No Static Interface ready, Waiting...
[15-Jun-22 13:30:02] Network changed, re-detecting Static Interfaces..
[15-Jun-22 13:30:02] No Static Interface ready, Waiting...
[15-Jun-22 13:30:04] Network changed, re-detecting Static Interfaces..
[15-Jun-22 13:30:04] No Static Interface ready, Waiting...
[15-Jun-22 13:31:51] Network changed, re-detecting Static Interfaces..
[15-Jun-22 13:31:51] No Static Interface ready, Waiting...
[15-Jun-22 13:54:53] Closing Network Connections...
[15-Jun-22 13:54:53] Open DHCP Server Stopped !

[15-Jun-22 13:54:55] Network changed, re-detecting Static Interfaces..
[15-Jun-22 13:54:55] No Static Interface ready, Waiting...
[15-Jun-22 16:39:34] Open DHCP Server Version 1.81 Windows Build 1055 (64bit) Starting...
[15-Jun-22 16:39:34] Logging: Normal
[15-Jun-22 16:39:35] Warning: No IP Address for DHCP Static Host ff:00:27:78:7b:01 specified
[15-Jun-22 16:39:35] Warning: No IP Address for DHCP Static Host ff:00:27:78:7b:02 specified
[15-Jun-22 16:39:35] Warning: No IP Address for DHCP Static Host 00:ff:a4:0e:ef:99 specified
[15-Jun-22 16:39:35] Warning: No IP Address for DHCP Static Host ff:00:27:78:7b:03 specified
[15-Jun-22 16:39:35] Detecting Static Interfaces..
[15-Jun-22 16:39:35] Default Lease: 36000 (sec)
[15-Jun-22 16:39:35] Server Name: TIC18-SAMPIEMOT
[15-Jun-22 16:39:35] No Static Interface ready, Waiting...
[15-Jun-22 16:39:36] Network changed, re-detecting Static Interfaces..
[15-Jun-22 16:39:36] No Static Interface ready, Waiting...
[15-Jun-22 16:39:39] Network changed, re-detecting Static Interfaces..
[15-Jun-22 16:39:40] No Static Interface ready, Waiting...
[15-Jun-22 16:39:43] Network changed, re-detecting Static Interfaces..
[15-Jun-22 16:39:43] No Static Interface ready, Waiting...
[15-Jun-22 16:39:46] Network changed, re-detecting Static Interfaces..
[15-Jun-22 16:39:46] No Static Interface ready, Waiting...
[15-Jun-22 16:41:32] Network changed, re-detecting Static Interfaces..
[15-Jun-22 16:41:32] No Static Interface ready, Waiting...
[15-Jun-22 19:23:07] Closing Network Connections...
[15-Jun-22 19:23:07] Open DHCP Server Stopped !

[15-Jun-22 19:23:08] Network changed, re-detecting Static Interfaces..
[15-Jun-22 19:23:08] No Static Interface ready, Waiting...
[15-Jun-22 20:03:59] Open DHCP Server Version 1.81 Windows Build 1055 (64bit) Starting...
[15-Jun-22 20:03:59] Logging: Normal
[15-Jun-22 20:04:00] Warning: No IP Address for DHCP Static Host ff:00:27:78:7b:02 specified
[15-Jun-22 20:04:00] Server Name: TIC18-SAMPIEMOT
[15-Jun-22 20:04:00] Detecting Static Interfaces..
[15-Jun-22 20:04:00] Warning: No IP Address for DHCP Static Host 00:ff:a4:0e:ef:99 specified
[15-Jun-22 20:04:00] Warning: No IP Address for DHCP Static Host ff:00:27:78:7b:01 specified
[15-Jun-22 20:04:00] Warning: No IP Address for DHCP Static Host ff:00:27:78:7b:03 specified
[15-Jun-22 20:04:00] Default Lease: 36000 (sec)
[15-Jun-22 20:04:00] No Static Interface ready, Waiting...
[15-Jun-22 20:04:02] Network changed, re-detecting Static Interfaces..
[15-Jun-22 20:04:02] No Static Interface ready, Waiting...
[15-Jun-22 20:04:04] Network changed, re-detecting Static Interfaces..
[15-Jun-22 20:04:04] No Static Interface ready, Waiting...
[15-Jun-22 20:04:07] Network changed, re-detecting Static Interfaces..
[15-Jun-22 20:04:07] No Static Interface ready, Waiting...
[15-Jun-22 20:04:10] Network changed, re-detecting Static Interfaces..
[15-Jun-22 20:04:10] No Static Interface ready, Waiting...
[15-Jun-22 20:05:56] Network changed, re-detecting Static Interfaces..
[15-Jun-22 20:05:56] No Static Interface ready, Waiting...
[15-Jun-22 23:39:29] Open DHCP Server Stopped !

[15-Jun-22 23:39:29] Closing Network Connections...
[15-Jun-22 23:39:30] Network changed, re-detecting Static Interfaces..
[15-Jun-22 23:39:30] No Static Interface ready, Waiting...
