Open DHCP Server Version 1.81 Windows Build 1055

[28-Jun-22 01:52:49] Closing Network Connections...
[28-Jun-22 01:52:49] Open DHCP Server Stopped !

[28-Jun-22 09:38:02] Open DHCP Server Version 1.81 Windows Build 1055 (64bit) Starting...
[28-Jun-22 09:38:02] Logging: Normal
[28-Jun-22 09:38:02] Warning: No IP Address for DHCP Static Host 00:ff:a4:0e:ef:99 specified
[28-Jun-22 09:38:02] Warning: No IP Address for DHCP Static Host ff:00:27:78:7b:03 specified
[28-Jun-22 09:38:02] Detecting Static Interfaces..
[28-Jun-22 09:38:02] Warning: No IP Address for DHCP Static Host ff:00:27:78:7b:01 specified
[28-Jun-22 09:38:02] Warning: No IP Address for DHCP Static Host ff:00:27:78:7b:02 specified
[28-Jun-22 09:38:02] Default Lease: 36000 (sec)
[28-Jun-22 09:38:02] Server Name: TIC18-SAMPIEMOT
[28-Jun-22 09:38:02] No Static Interface ready, Waiting...
[28-Jun-22 09:38:04] Network changed, re-detecting Static Interfaces..
[28-Jun-22 09:38:04] No Static Interface ready, Waiting...
[28-Jun-22 09:38:07] Network changed, re-detecting Static Interfaces..
[28-Jun-22 09:38:07] No Static Interface ready, Waiting...
[28-Jun-22 09:38:10] Network changed, re-detecting Static Interfaces..
[28-Jun-22 09:38:10] No Static Interface ready, Waiting...
[28-Jun-22 09:38:13] Network changed, re-detecting Static Interfaces..
[28-Jun-22 09:38:13] No Static Interface ready, Waiting...
[28-Jun-22 09:39:59] Network changed, re-detecting Static Interfaces..
[28-Jun-22 09:39:59] No Static Interface ready, Waiting...
[28-Jun-22 09:41:16] Network changed, re-detecting Static Interfaces..
[28-Jun-22 09:41:16] No Static Interface ready, Waiting...
[28-Jun-22 11:29:54] Open DHCP Server Stopped !

[28-Jun-22 11:29:54] Closing Network Connections...
[28-Jun-22 11:48:28] Open DHCP Server Version 1.81 Windows Build 1055 (64bit) Starting...
[28-Jun-22 11:48:28] Logging: Normal
[28-Jun-22 11:48:28] Warning: No IP Address for DHCP Static Host ff:00:27:78:7b:01 specified
[28-Jun-22 11:48:28] Warning: No IP Address for DHCP Static Host ff:00:27:78:7b:02 specified
[28-Jun-22 11:48:28] Default Lease: 36000 (sec)
[28-Jun-22 11:48:28] Server Name: TIC18-SAMPIEMOT
[28-Jun-22 11:48:28] Warning: No IP Address for DHCP Static Host 00:ff:a4:0e:ef:99 specified
[28-Jun-22 11:48:28] Warning: No IP Address for DHCP Static Host ff:00:27:78:7b:03 specified
[28-Jun-22 11:48:28] Detecting Static Interfaces..
[28-Jun-22 11:48:28] No Static Interface ready, Waiting...
[28-Jun-22 11:48:30] Network changed, re-detecting Static Interfaces..
[28-Jun-22 11:48:30] No Static Interface ready, Waiting...
[28-Jun-22 11:48:33] Network changed, re-detecting Static Interfaces..
[28-Jun-22 11:48:33] No Static Interface ready, Waiting...
[28-Jun-22 11:48:36] Network changed, re-detecting Static Interfaces..
[28-Jun-22 11:48:36] No Static Interface ready, Waiting...
[28-Jun-22 11:48:39] Network changed, re-detecting Static Interfaces..
[28-Jun-22 11:48:39] No Static Interface ready, Waiting...
[28-Jun-22 11:50:25] Network changed, re-detecting Static Interfaces..
[28-Jun-22 11:50:25] No Static Interface ready, Waiting...
[28-Jun-22 17:01:25] Closing Network Connections...
[28-Jun-22 17:01:25] Open DHCP Server Stopped !

[28-Jun-22 17:01:27] Network changed, re-detecting Static Interfaces..
[28-Jun-22 17:34:39] Open DHCP Server Version 1.81 Windows Build 1055 (64bit) Starting...
[28-Jun-22 17:34:39] Logging: Normal
[28-Jun-22 17:34:39] Warning: No IP Address for DHCP Static Host 00:ff:a4:0e:ef:99 specified
[28-Jun-22 17:34:39] Warning: No IP Address for DHCP Static Host ff:00:27:78:7b:03 specified
[28-Jun-22 17:34:39] Detecting Static Interfaces..
[28-Jun-22 17:34:39] Warning: No IP Address for DHCP Static Host ff:00:27:78:7b:01 specified
[28-Jun-22 17:34:39] Warning: No IP Address for DHCP Static Host ff:00:27:78:7b:02 specified
[28-Jun-22 17:34:39] Default Lease: 36000 (sec)
[28-Jun-22 17:34:39] Server Name: TIC18-SAMPIEMOT
[28-Jun-22 17:34:39] No Static Interface ready, Waiting...
[28-Jun-22 17:34:41] Network changed, re-detecting Static Interfaces..
[28-Jun-22 17:34:41] No Static Interface ready, Waiting...
[28-Jun-22 17:34:44] Network changed, re-detecting Static Interfaces..
[28-Jun-22 17:34:44] No Static Interface ready, Waiting...
[28-Jun-22 17:34:48] Network changed, re-detecting Static Interfaces..
[28-Jun-22 17:34:48] No Static Interface ready, Waiting...
[28-Jun-22 17:34:51] Network changed, re-detecting Static Interfaces..
[28-Jun-22 17:34:51] No Static Interface ready, Waiting...
[28-Jun-22 17:36:37] Network changed, re-detecting Static Interfaces..
[28-Jun-22 17:36:37] No Static Interface ready, Waiting...
[28-Jun-22 23:30:47] Closing Network Connections...
[28-Jun-22 23:30:47] Open DHCP Server Stopped !

