Open DHCP Server Version 1.81 Windows Build 1055

[06-Jul-22 01:01:38] Open DHCP Server Stopped !

[06-Jul-22 01:01:38] Closing Network Connections...
[06-Jul-22 08:04:02] Logging: Normal
[06-Jul-22 08:04:02] Open DHCP Server Version 1.81 Windows Build 1055 (64bit) Starting...
[06-Jul-22 08:04:02] Warning: No IP Address for DHCP Static Host 00:ff:a4:0e:ef:99 specified
[06-Jul-22 08:04:02] Warning: No IP Address for DHCP Static Host ff:00:27:78:7b:03 specified
[06-Jul-22 08:04:02] Detecting Static Interfaces..
[06-Jul-22 08:04:02] Warning: No IP Address for DHCP Static Host ff:00:27:78:7b:01 specified
[06-Jul-22 08:04:02] Warning: No IP Address for DHCP Static Host ff:00:27:78:7b:02 specified
[06-Jul-22 08:04:02] Default Lease: 36000 (sec)
[06-Jul-22 08:04:02] Server Name: TIC18-SAMPIEMOT
[06-Jul-22 08:04:02] No Static Interface ready, Waiting...
[06-Jul-22 08:04:04] Network changed, re-detecting Static Interfaces..
[06-Jul-22 08:04:04] No Static Interface ready, Waiting...
[06-Jul-22 08:04:07] Network changed, re-detecting Static Interfaces..
[06-Jul-22 08:04:07] No Static Interface ready, Waiting...
[06-Jul-22 08:04:08] Network changed, re-detecting Static Interfaces..
[06-Jul-22 08:04:08] No Static Interface ready, Waiting...
[06-Jul-22 08:04:11] Network changed, re-detecting Static Interfaces..
[06-Jul-22 08:04:11] No Static Interface ready, Waiting...
[06-Jul-22 08:04:13] Network changed, re-detecting Static Interfaces..
[06-Jul-22 08:04:13] No Static Interface ready, Waiting...
[06-Jul-22 08:05:59] Network changed, re-detecting Static Interfaces..
[06-Jul-22 08:05:59] No Static Interface ready, Waiting...
[06-Jul-22 08:27:19] Closing Network Connections...
[06-Jul-22 08:27:19] Open DHCP Server Stopped !

[06-Jul-22 08:27:21] Network changed, re-detecting Static Interfaces..
[06-Jul-22 08:27:21] No Static Interface ready, Waiting...
[06-Jul-22 08:30:46] Open DHCP Server Version 1.81 Windows Build 1055 (64bit) Starting...
[06-Jul-22 08:30:46] Logging: Normal
[06-Jul-22 08:30:46] Warning: No IP Address for DHCP Static Host ff:00:27:78:7b:02 specified
[06-Jul-22 08:30:46] Server Name: TIC18-SAMPIEMOT
[06-Jul-22 08:30:46] Detecting Static Interfaces..
[06-Jul-22 08:30:47] Warning: No IP Address for DHCP Static Host 00:ff:a4:0e:ef:99 specified
[06-Jul-22 08:30:47] Warning: No IP Address for DHCP Static Host ff:00:27:78:7b:01 specified
[06-Jul-22 08:30:47] Warning: No IP Address for DHCP Static Host ff:00:27:78:7b:03 specified
[06-Jul-22 08:30:47] Default Lease: 36000 (sec)
[06-Jul-22 08:30:47] No Static Interface ready, Waiting...
[06-Jul-22 08:30:49] Network changed, re-detecting Static Interfaces..
[06-Jul-22 08:30:49] No Static Interface ready, Waiting...
[06-Jul-22 08:30:52] Network changed, re-detecting Static Interfaces..
[06-Jul-22 08:30:52] No Static Interface ready, Waiting...
[06-Jul-22 08:30:55] Network changed, re-detecting Static Interfaces..
[06-Jul-22 08:30:55] No Static Interface ready, Waiting...
[06-Jul-22 08:30:58] Network changed, re-detecting Static Interfaces..
[06-Jul-22 08:30:58] No Static Interface ready, Waiting...
[06-Jul-22 08:32:44] Network changed, re-detecting Static Interfaces..
[06-Jul-22 08:32:44] No Static Interface ready, Waiting...
[06-Jul-22 10:39:06] Network changed, re-detecting Static Interfaces..
[06-Jul-22 10:39:06] No Static Interface ready, Waiting...
[06-Jul-22 12:39:12] Network changed, re-detecting Static Interfaces..
[06-Jul-22 12:39:13] No Static Interface ready, Waiting...
[06-Jul-22 12:39:13] Network changed, re-detecting Static Interfaces..
[06-Jul-22 12:39:13] No Static Interface ready, Waiting...
[06-Jul-22 12:39:16] Network changed, re-detecting Static Interfaces..
[06-Jul-22 12:39:16] No Static Interface ready, Waiting...
[06-Jul-22 12:42:23] Network changed, re-detecting Static Interfaces..
[06-Jul-22 12:42:24] No Static Interface ready, Waiting...
[06-Jul-22 16:54:32] Open DHCP Server Stopped !

[06-Jul-22 16:54:32] Closing Network Connections...
[06-Jul-22 17:32:57] Open DHCP Server Version 1.81 Windows Build 1055 (64bit) Starting...
[06-Jul-22 17:32:57] Logging: Normal
[06-Jul-22 17:32:58] Warning: No IP Address for DHCP Static Host ff:00:27:78:7b:01 specified
[06-Jul-22 17:32:58] Warning: No IP Address for DHCP Static Host ff:00:27:78:7b:02 specified
[06-Jul-22 17:32:58] Default Lease: 36000 (sec)
[06-Jul-22 17:32:58] Server Name: TIC18-SAMPIEMOT
[06-Jul-22 17:32:58] Warning: No IP Address for DHCP Static Host 00:ff:a4:0e:ef:99 specified
[06-Jul-22 17:32:58] Warning: No IP Address for DHCP Static Host ff:00:27:78:7b:03 specified
[06-Jul-22 17:32:58] Detecting Static Interfaces..
[06-Jul-22 17:32:58] No Static Interface ready, Waiting...
[06-Jul-22 17:33:00] Network changed, re-detecting Static Interfaces..
[06-Jul-22 17:33:00] No Static Interface ready, Waiting...
[06-Jul-22 17:33:03] Network changed, re-detecting Static Interfaces..
[06-Jul-22 17:33:03] No Static Interface ready, Waiting...
[06-Jul-22 17:33:06] Network changed, re-detecting Static Interfaces..
[06-Jul-22 17:33:06] No Static Interface ready, Waiting...
[06-Jul-22 17:33:09] Network changed, re-detecting Static Interfaces..
[06-Jul-22 17:33:09] No Static Interface ready, Waiting...
[06-Jul-22 17:34:55] Network changed, re-detecting Static Interfaces..
[06-Jul-22 17:34:55] No Static Interface ready, Waiting...
Logging Continued on file C:\OpenDHCPServer\log\OpenDHCPServer20220707.log
