Open DHCP Server Version 1.81 Windows Build 1055

[05-Jun-22 04:13:05] Closing Network Connections...
[05-Jun-22 04:13:05] Open DHCP Server Stopped !

[05-Jun-22 04:13:07] Network changed, re-detecting Static Interfaces..
[05-Jun-22 04:13:07] No Static Interface ready, Waiting...
[05-Jun-22 11:52:28] Open DHCP Server Version 1.81 Windows Build 1055 (64bit) Starting...
[05-Jun-22 11:52:28] Logging: Normal
[05-Jun-22 11:52:28] Warning: No IP Address for DHCP Static Host 00:ff:a4:0e:ef:99 specified
[05-Jun-22 11:52:28] Warning: No IP Address for DHCP Static Host ff:00:27:78:7b:03 specified
[05-Jun-22 11:52:28] Detecting Static Interfaces..
[05-Jun-22 11:52:28] Warning: No IP Address for DHCP Static Host ff:00:27:78:7b:01 specified
[05-Jun-22 11:52:28] Warning: No IP Address for DHCP Static Host ff:00:27:78:7b:02 specified
[05-Jun-22 11:52:28] Default Lease: 36000 (sec)
[05-Jun-22 11:52:28] Server Name: TIC18-SAMPIEMOT
[05-Jun-22 11:52:28] No Static Interface ready, Waiting...
[05-Jun-22 11:52:30] Network changed, re-detecting Static Interfaces..
[05-Jun-22 11:52:30] No Static Interface ready, Waiting...
[05-Jun-22 11:52:33] Network changed, re-detecting Static Interfaces..
[05-Jun-22 11:52:33] No Static Interface ready, Waiting...
[05-Jun-22 11:52:37] Network changed, re-detecting Static Interfaces..
[05-Jun-22 11:52:37] No Static Interface ready, Waiting...
[05-Jun-22 11:52:39] Network changed, re-detecting Static Interfaces..
[05-Jun-22 11:52:39] No Static Interface ready, Waiting...
[05-Jun-22 11:54:26] Network changed, re-detecting Static Interfaces..
[05-Jun-22 11:54:26] No Static Interface ready, Waiting...
[05-Jun-22 20:56:44] Open DHCP Server Stopped !

[05-Jun-22 20:56:44] Closing Network Connections...
[05-Jun-22 20:56:46] Network changed, re-detecting Static Interfaces..
[05-Jun-22 20:56:46] No Static Interface ready, Waiting...
[05-Jun-22 21:31:08] Open DHCP Server Version 1.81 Windows Build 1055 (64bit) Starting...
[05-Jun-22 21:31:09] Logging: Normal
[05-Jun-22 21:31:09] Warning: No IP Address for DHCP Static Host 00:ff:a4:0e:ef:99 specified
[05-Jun-22 21:31:09] Warning: No IP Address for DHCP Static Host ff:00:27:78:7b:01 specified
[05-Jun-22 21:31:09] Warning: No IP Address for DHCP Static Host ff:00:27:78:7b:03 specified
[05-Jun-22 21:31:09] Default Lease: 36000 (sec)
[05-Jun-22 21:31:09] Warning: No IP Address for DHCP Static Host ff:00:27:78:7b:02 specified
[05-Jun-22 21:31:09] Server Name: TIC18-SAMPIEMOT
[05-Jun-22 21:31:09] Detecting Static Interfaces..
[05-Jun-22 21:31:09] No Static Interface ready, Waiting...
[05-Jun-22 21:31:10] Network changed, re-detecting Static Interfaces..
[05-Jun-22 21:31:10] No Static Interface ready, Waiting...
[05-Jun-22 21:31:14] Network changed, re-detecting Static Interfaces..
[05-Jun-22 21:31:14] No Static Interface ready, Waiting...
[05-Jun-22 21:31:17] Network changed, re-detecting Static Interfaces..
[05-Jun-22 21:31:17] No Static Interface ready, Waiting...
[05-Jun-22 21:31:20] Network changed, re-detecting Static Interfaces..
[05-Jun-22 21:31:20] No Static Interface ready, Waiting...
[05-Jun-22 21:33:06] Network changed, re-detecting Static Interfaces..
[05-Jun-22 21:33:06] No Static Interface ready, Waiting...
Logging Continued on file C:\OpenDHCPServer\log\OpenDHCPServer20220606.log
