Open DHCP Server Version 1.81 Windows Build 1055

[04-Jul-22 00:27:37] Closing Network Connections...
[04-Jul-22 00:27:37] Open DHCP Server Stopped !

[04-Jul-22 00:44:56] Open DHCP Server Version 1.81 Windows Build 1055 (64bit) Starting...
[04-Jul-22 00:44:56] Logging: Normal
[04-Jul-22 00:44:56] Warning: No IP Address for DHCP Static Host 00:ff:a4:0e:ef:99 specified
[04-Jul-22 00:44:56] Warning: No IP Address for DHCP Static Host ff:00:27:78:7b:03 specified
[04-Jul-22 00:44:56] Detecting Static Interfaces..
[04-Jul-22 00:44:56] No Static Interface ready, Waiting...
[04-Jul-22 00:44:56] Warning: No IP Address for DHCP Static Host ff:00:27:78:7b:01 specified
[04-Jul-22 00:44:56] Warning: No IP Address for DHCP Static Host ff:00:27:78:7b:02 specified
[04-Jul-22 00:44:56] Default Lease: 36000 (sec)
[04-Jul-22 00:44:56] Server Name: TIC18-SAMPIEMOT
[04-Jul-22 00:44:58] Network changed, re-detecting Static Interfaces..
[04-Jul-22 00:44:58] No Static Interface ready, Waiting...
[04-Jul-22 00:45:01] Network changed, re-detecting Static Interfaces..
[04-Jul-22 00:45:01] No Static Interface ready, Waiting...
[04-Jul-22 00:45:05] Network changed, re-detecting Static Interfaces..
[04-Jul-22 00:45:05] No Static Interface ready, Waiting...
[04-Jul-22 00:45:08] Network changed, re-detecting Static Interfaces..
[04-Jul-22 00:45:08] No Static Interface ready, Waiting...
[04-Jul-22 00:46:54] Network changed, re-detecting Static Interfaces..
[04-Jul-22 00:46:54] No Static Interface ready, Waiting...
[04-Jul-22 01:23:13] Closing Network Connections...
[04-Jul-22 01:23:13] Open DHCP Server Stopped !

[04-Jul-22 01:23:15] Network changed, re-detecting Static Interfaces..
[04-Jul-22 01:23:15] No Static Interface ready, Waiting...
[04-Jul-22 08:04:13] Open DHCP Server Version 1.81 Windows Build 1055 (64bit) Starting...
[04-Jul-22 08:04:13] Logging: Normal
[04-Jul-22 08:04:13] Warning: No IP Address for DHCP Static Host ff:00:27:78:7b:01 specified
[04-Jul-22 08:04:13] Warning: No IP Address for DHCP Static Host ff:00:27:78:7b:02 specified
[04-Jul-22 08:04:13] Default Lease: 36000 (sec)
[04-Jul-22 08:04:13] Server Name: TIC18-SAMPIEMOT
[04-Jul-22 08:04:13] Warning: No IP Address for DHCP Static Host 00:ff:a4:0e:ef:99 specified
[04-Jul-22 08:04:13] Warning: No IP Address for DHCP Static Host ff:00:27:78:7b:03 specified
[04-Jul-22 08:04:13] Detecting Static Interfaces..
[04-Jul-22 08:04:13] No Static Interface ready, Waiting...
[04-Jul-22 08:04:14] Network changed, re-detecting Static Interfaces..
[04-Jul-22 08:04:14] No Static Interface ready, Waiting...
[04-Jul-22 08:04:18] Network changed, re-detecting Static Interfaces..
[04-Jul-22 08:04:18] No Static Interface ready, Waiting...
[04-Jul-22 08:04:21] Network changed, re-detecting Static Interfaces..
[04-Jul-22 08:04:21] No Static Interface ready, Waiting...
[04-Jul-22 08:04:24] Network changed, re-detecting Static Interfaces..
[04-Jul-22 08:04:24] No Static Interface ready, Waiting...
[04-Jul-22 08:06:10] Network changed, re-detecting Static Interfaces..
[04-Jul-22 08:06:10] No Static Interface ready, Waiting...
[04-Jul-22 16:48:11] Closing Network Connections...
[04-Jul-22 16:48:11] Open DHCP Server Stopped !

[04-Jul-22 17:25:17] Open DHCP Server Version 1.81 Windows Build 1055 (64bit) Starting...
[04-Jul-22 17:25:17] Logging: Normal
[04-Jul-22 17:25:17] Warning: No IP Address for DHCP Static Host 00:ff:a4:0e:ef:99 specified
[04-Jul-22 17:25:17] Warning: No IP Address for DHCP Static Host ff:00:27:78:7b:01 specified
[04-Jul-22 17:25:17] Warning: No IP Address for DHCP Static Host ff:00:27:78:7b:03 specified
[04-Jul-22 17:25:17] Default Lease: 36000 (sec)
[04-Jul-22 17:25:17] Warning: No IP Address for DHCP Static Host ff:00:27:78:7b:02 specified
[04-Jul-22 17:25:17] Server Name: TIC18-SAMPIEMOT
[04-Jul-22 17:25:17] Detecting Static Interfaces..
[04-Jul-22 17:25:17] No Static Interface ready, Waiting...
[04-Jul-22 17:25:19] Network changed, re-detecting Static Interfaces..
[04-Jul-22 17:25:19] No Static Interface ready, Waiting...
[04-Jul-22 17:25:22] Network changed, re-detecting Static Interfaces..
[04-Jul-22 17:25:22] No Static Interface ready, Waiting...
[04-Jul-22 17:25:26] Network changed, re-detecting Static Interfaces..
[04-Jul-22 17:25:26] No Static Interface ready, Waiting...
[04-Jul-22 17:25:28] Network changed, re-detecting Static Interfaces..
[04-Jul-22 17:25:28] No Static Interface ready, Waiting...
[04-Jul-22 17:27:15] Network changed, re-detecting Static Interfaces..
[04-Jul-22 17:27:15] No Static Interface ready, Waiting...
Logging Continued on file C:\OpenDHCPServer\log\OpenDHCPServer20220705.log
