Open DHCP Server Version 1.81 Windows Build 1055

[24-Jun-22 00:10:28] Open DHCP Server Stopped !

[24-Jun-22 00:10:28] Closing Network Connections...
[24-Jun-22 00:15:31] Open DHCP Server Version 1.81 Windows Build 1055 (64bit) Starting...
[24-Jun-22 00:15:31] Logging: Normal
[24-Jun-22 00:15:31] Warning: No IP Address for DHCP Static Host ff:00:27:78:7b:01 specified
[24-Jun-22 00:15:31] Warning: No IP Address for DHCP Static Host ff:00:27:78:7b:02 specified
[24-Jun-22 00:15:31] Default Lease: 36000 (sec)
[24-Jun-22 00:15:31] Server Name: TIC18-SAMPIEMOT
[24-Jun-22 00:15:31] Warning: No IP Address for DHCP Static Host 00:ff:a4:0e:ef:99 specified
[24-Jun-22 00:15:31] Warning: No IP Address for DHCP Static Host ff:00:27:78:7b:03 specified
[24-Jun-22 00:15:31] Detecting Static Interfaces..
[24-Jun-22 00:15:31] No Static Interface ready, Waiting...
[24-Jun-22 00:15:33] Network changed, re-detecting Static Interfaces..
[24-Jun-22 00:15:33] No Static Interface ready, Waiting...
[24-Jun-22 00:15:36] Network changed, re-detecting Static Interfaces..
[24-Jun-22 00:15:36] No Static Interface ready, Waiting...
[24-Jun-22 00:15:40] Network changed, re-detecting Static Interfaces..
[24-Jun-22 00:15:40] No Static Interface ready, Waiting...
[24-Jun-22 00:15:42] Network changed, re-detecting Static Interfaces..
[24-Jun-22 00:15:42] No Static Interface ready, Waiting...
[24-Jun-22 00:17:29] Network changed, re-detecting Static Interfaces..
[24-Jun-22 00:17:29] No Static Interface ready, Waiting...
[24-Jun-22 00:44:00] Closing Network Connections...
[24-Jun-22 00:44:00] Open DHCP Server Stopped !

[24-Jun-22 00:44:02] Network changed, re-detecting Static Interfaces..
[24-Jun-22 00:44:02] No Static Interface ready, Waiting...
[24-Jun-22 09:01:40] Open DHCP Server Version 1.81 Windows Build 1055 (64bit) Starting...
[24-Jun-22 09:01:40] Logging: Normal
[24-Jun-22 09:01:40] Warning: No IP Address for DHCP Static Host 00:ff:a4:0e:ef:99 specified
[24-Jun-22 09:01:40] Warning: No IP Address for DHCP Static Host ff:00:27:78:7b:03 specified
[24-Jun-22 09:01:40] Detecting Static Interfaces..
[24-Jun-22 09:01:40] Warning: No IP Address for DHCP Static Host ff:00:27:78:7b:01 specified
[24-Jun-22 09:01:40] Warning: No IP Address for DHCP Static Host ff:00:27:78:7b:02 specified
[24-Jun-22 09:01:40] Default Lease: 36000 (sec)
[24-Jun-22 09:01:40] Server Name: TIC18-SAMPIEMOT
[24-Jun-22 09:01:40] No Static Interface ready, Waiting...
[24-Jun-22 09:01:43] Network changed, re-detecting Static Interfaces..
[24-Jun-22 09:01:43] No Static Interface ready, Waiting...
[24-Jun-22 09:01:46] Network changed, re-detecting Static Interfaces..
[24-Jun-22 09:01:46] No Static Interface ready, Waiting...
[24-Jun-22 09:01:49] Network changed, re-detecting Static Interfaces..
[24-Jun-22 09:01:49] No Static Interface ready, Waiting...
[24-Jun-22 09:01:52] Network changed, re-detecting Static Interfaces..
[24-Jun-22 09:01:52] No Static Interface ready, Waiting...
[24-Jun-22 09:03:38] Network changed, re-detecting Static Interfaces..
[24-Jun-22 09:03:38] No Static Interface ready, Waiting...
[24-Jun-22 09:50:47] Closing Network Connections...
[24-Jun-22 09:50:47] Open DHCP Server Stopped !

[24-Jun-22 10:02:43] Logging: Normal
[24-Jun-22 10:02:43] Open DHCP Server Version 1.81 Windows Build 1055 (64bit) Starting...
[24-Jun-22 10:02:43] Warning: No IP Address for DHCP Static Host 00:ff:a4:0e:ef:99 specified
[24-Jun-22 10:02:43] Warning: No IP Address for DHCP Static Host ff:00:27:78:7b:03 specified
[24-Jun-22 10:02:43] Detecting Static Interfaces..
[24-Jun-22 10:02:43] Warning: No IP Address for DHCP Static Host ff:00:27:78:7b:01 specified
[24-Jun-22 10:02:43] Warning: No IP Address for DHCP Static Host ff:00:27:78:7b:02 specified
[24-Jun-22 10:02:43] Default Lease: 36000 (sec)
[24-Jun-22 10:02:43] Server Name: TIC18-SAMPIEMOT
[24-Jun-22 10:02:43] No Static Interface ready, Waiting...
[24-Jun-22 10:02:46] Network changed, re-detecting Static Interfaces..
[24-Jun-22 10:02:46] No Static Interface ready, Waiting...
[24-Jun-22 10:02:48] Network changed, re-detecting Static Interfaces..
[24-Jun-22 10:02:48] No Static Interface ready, Waiting...
[24-Jun-22 10:02:51] Network changed, re-detecting Static Interfaces..
[24-Jun-22 10:02:51] No Static Interface ready, Waiting...
[24-Jun-22 10:02:54] Network changed, re-detecting Static Interfaces..
[24-Jun-22 10:02:54] No Static Interface ready, Waiting...
[24-Jun-22 10:04:40] Network changed, re-detecting Static Interfaces..
[24-Jun-22 10:04:40] No Static Interface ready, Waiting...
[24-Jun-22 10:50:24] Closing Network Connections...
[24-Jun-22 10:50:24] Open DHCP Server Stopped !

[24-Jun-22 10:50:26] Network changed, re-detecting Static Interfaces..
[24-Jun-22 11:00:59] Open DHCP Server Version 1.81 Windows Build 1055 (64bit) Starting...
[24-Jun-22 11:00:59] Logging: Normal
[24-Jun-22 11:00:59] Warning: No IP Address for DHCP Static Host 00:ff:a4:0e:ef:99 specified
[24-Jun-22 11:00:59] Warning: No IP Address for DHCP Static Host ff:00:27:78:7b:01 specified
[24-Jun-22 11:00:59] Warning: No IP Address for DHCP Static Host ff:00:27:78:7b:03 specified
[24-Jun-22 11:00:59] Default Lease: 36000 (sec)
[24-Jun-22 11:00:59] Warning: No IP Address for DHCP Static Host ff:00:27:78:7b:02 specified
[24-Jun-22 11:00:59] Server Name: TIC18-SAMPIEMOT
[24-Jun-22 11:00:59] Detecting Static Interfaces..
[24-Jun-22 11:00:59] No Static Interface ready, Waiting...
[24-Jun-22 11:01:01] Network changed, re-detecting Static Interfaces..
[24-Jun-22 11:01:01] No Static Interface ready, Waiting...
[24-Jun-22 11:01:05] Network changed, re-detecting Static Interfaces..
[24-Jun-22 11:01:05] No Static Interface ready, Waiting...
[24-Jun-22 11:01:08] Network changed, re-detecting Static Interfaces..
[24-Jun-22 11:01:08] No Static Interface ready, Waiting...
[24-Jun-22 11:01:11] Network changed, re-detecting Static Interfaces..
[24-Jun-22 11:01:11] No Static Interface ready, Waiting...
[24-Jun-22 11:02:57] Network changed, re-detecting Static Interfaces..
[24-Jun-22 11:02:57] No Static Interface ready, Waiting...
[24-Jun-22 11:03:43] Closing Network Connections...
[24-Jun-22 11:03:43] Open DHCP Server Stopped !

[24-Jun-22 12:09:29] Open DHCP Server Version 1.81 Windows Build 1055 (64bit) Starting...
[24-Jun-22 12:09:29] Logging: Normal
[24-Jun-22 12:09:29] Warning: No IP Address for DHCP Static Host ff:00:27:78:7b:02 specified
[24-Jun-22 12:09:29] Server Name: TIC18-SAMPIEMOT
[24-Jun-22 12:09:29] Detecting Static Interfaces..
[24-Jun-22 12:09:29] Warning: No IP Address for DHCP Static Host 00:ff:a4:0e:ef:99 specified
[24-Jun-22 12:09:29] Warning: No IP Address for DHCP Static Host ff:00:27:78:7b:01 specified
[24-Jun-22 12:09:29] Warning: No IP Address for DHCP Static Host ff:00:27:78:7b:03 specified
[24-Jun-22 12:09:29] Default Lease: 36000 (sec)
[24-Jun-22 12:09:29] No Static Interface ready, Waiting...
[24-Jun-22 12:09:31] Network changed, re-detecting Static Interfaces..
[24-Jun-22 12:09:31] No Static Interface ready, Waiting...
[24-Jun-22 12:09:34] Network changed, re-detecting Static Interfaces..
[24-Jun-22 12:09:34] No Static Interface ready, Waiting...
[24-Jun-22 12:09:38] Network changed, re-detecting Static Interfaces..
[24-Jun-22 12:09:38] No Static Interface ready, Waiting...
[24-Jun-22 12:09:40] Network changed, re-detecting Static Interfaces..
[24-Jun-22 12:09:40] No Static Interface ready, Waiting...
[24-Jun-22 12:11:27] Network changed, re-detecting Static Interfaces..
[24-Jun-22 12:11:27] No Static Interface ready, Waiting...
[24-Jun-22 13:39:51] Closing Network Connections...
[24-Jun-22 13:39:51] Open DHCP Server Stopped !

[24-Jun-22 13:39:52] Network changed, re-detecting Static Interfaces..
[24-Jun-22 13:39:52] No Static Interface ready, Waiting...
[24-Jun-22 20:34:19] Logging: Normal
[24-Jun-22 20:34:19] Open DHCP Server Version 1.81 Windows Build 1055 (64bit) Starting...
[24-Jun-22 20:34:19] Warning: No IP Address for DHCP Static Host 00:ff:a4:0e:ef:99 specified
[24-Jun-22 20:34:19] Warning: No IP Address for DHCP Static Host ff:00:27:78:7b:03 specified
[24-Jun-22 20:34:19] Detecting Static Interfaces..
[24-Jun-22 20:34:19] Warning: No IP Address for DHCP Static Host ff:00:27:78:7b:01 specified
[24-Jun-22 20:34:19] Warning: No IP Address for DHCP Static Host ff:00:27:78:7b:02 specified
[24-Jun-22 20:34:19] Default Lease: 36000 (sec)
[24-Jun-22 20:34:19] Server Name: TIC18-SAMPIEMOT
[24-Jun-22 20:34:19] No Static Interface ready, Waiting...
[24-Jun-22 20:34:21] Network changed, re-detecting Static Interfaces..
[24-Jun-22 20:34:21] No Static Interface ready, Waiting...
[24-Jun-22 20:34:24] Network changed, re-detecting Static Interfaces..
[24-Jun-22 20:34:24] No Static Interface ready, Waiting...
[24-Jun-22 20:34:28] Network changed, re-detecting Static Interfaces..
[24-Jun-22 20:34:28] No Static Interface ready, Waiting...
[24-Jun-22 20:34:30] Network changed, re-detecting Static Interfaces..
[24-Jun-22 20:34:30] No Static Interface ready, Waiting...
[24-Jun-22 20:36:17] Network changed, re-detecting Static Interfaces..
[24-Jun-22 20:36:17] No Static Interface ready, Waiting...
[24-Jun-22 21:28:22] Closing Network Connections...
[24-Jun-22 21:28:22] Open DHCP Server Stopped !

[24-Jun-22 21:30:45] Open DHCP Server Version 1.81 Windows Build 1055 (64bit) Starting...
[24-Jun-22 21:30:45] Logging: Normal
[24-Jun-22 21:30:46] Warning: No IP Address for DHCP Static Host 00:ff:a4:0e:ef:99 specified
[24-Jun-22 21:30:46] Warning: No IP Address for DHCP Static Host ff:00:27:78:7b:01 specified
[24-Jun-22 21:30:46] Warning: No IP Address for DHCP Static Host ff:00:27:78:7b:02 specified
[24-Jun-22 21:30:46] Default Lease: 36000 (sec)
[24-Jun-22 21:30:46] Server Name: TIC18-SAMPIEMOT
[24-Jun-22 21:30:46] Warning: No IP Address for DHCP Static Host ff:00:27:78:7b:03 specified
[24-Jun-22 21:30:46] Detecting Static Interfaces..
[24-Jun-22 21:30:46] No Static Interface ready, Waiting...
[24-Jun-22 21:30:48] Network changed, re-detecting Static Interfaces..
[24-Jun-22 21:30:48] No Static Interface ready, Waiting...
[24-Jun-22 21:30:50] Network changed, re-detecting Static Interfaces..
[24-Jun-22 21:30:50] No Static Interface ready, Waiting...
[24-Jun-22 21:30:54] Network changed, re-detecting Static Interfaces..
[24-Jun-22 21:30:54] No Static Interface ready, Waiting...
[24-Jun-22 21:30:56] Network changed, re-detecting Static Interfaces..
[24-Jun-22 21:30:56] No Static Interface ready, Waiting...
[24-Jun-22 21:32:42] Network changed, re-detecting Static Interfaces..
[24-Jun-22 21:32:42] No Static Interface ready, Waiting...
Logging Continued on file C:\OpenDHCPServer\log\OpenDHCPServer20220625.log
