[09-Jun-22 09:41:01] Open DHCP Server Version 1.81 Windows Build 1055 (64bit) Starting...
[09-Jun-22 09:41:01] Logging: Normal
[09-Jun-22 09:41:01] Warning: No IP Address for DHCP Static Host ff:00:27:78:7b:02 specified
[09-Jun-22 09:41:01] Server Name: TIC18-SAMPIEMOT
[09-Jun-22 09:41:01] Detecting Static Interfaces..
[09-Jun-22 09:41:01] Warning: No IP Address for DHCP Static Host 00:ff:a4:0e:ef:99 specified
[09-Jun-22 09:41:01] Warning: No IP Address for DHCP Static Host ff:00:27:78:7b:01 specified
[09-Jun-22 09:41:01] Warning: No IP Address for DHCP Static Host ff:00:27:78:7b:03 specified
[09-Jun-22 09:41:01] Default Lease: 36000 (sec)
[09-Jun-22 09:41:01] No Static Interface ready, Waiting...
[09-Jun-22 09:41:03] Network changed, re-detecting Static Interfaces..
[09-Jun-22 09:41:03] No Static Interface ready, Waiting...
[09-Jun-22 09:41:06] Network changed, re-detecting Static Interfaces..
[09-Jun-22 09:41:06] No Static Interface ready, Waiting...
[09-Jun-22 09:41:09] Network changed, re-detecting Static Interfaces..
[09-Jun-22 09:41:09] No Static Interface ready, Waiting...
[09-Jun-22 09:41:12] Network changed, re-detecting Static Interfaces..
[09-Jun-22 09:41:12] No Static Interface ready, Waiting...
[09-Jun-22 09:41:44] Network changed, re-detecting Static Interfaces..
[09-Jun-22 09:41:44] No Static Interface ready, Waiting...
[09-Jun-22 09:42:58] Network changed, re-detecting Static Interfaces..
[09-Jun-22 09:42:58] No Static Interface ready, Waiting...
[09-Jun-22 09:44:52] Network changed, re-detecting Static Interfaces..
[09-Jun-22 09:44:52] No Static Interface ready, Waiting...
[09-Jun-22 09:48:01] Network changed, re-detecting Static Interfaces..
[09-Jun-22 09:48:01] No Static Interface ready, Waiting...
[09-Jun-22 09:51:08] Network changed, re-detecting Static Interfaces..
[09-Jun-22 09:51:08] No Static Interface ready, Waiting...
[09-Jun-22 17:43:23] Closing Network Connections...
[09-Jun-22 17:43:23] Open DHCP Server Stopped !

[09-Jun-22 17:43:25] Network changed, re-detecting Static Interfaces..
[09-Jun-22 17:43:25] No Static Interface ready, Waiting...
[09-Jun-22 18:24:05] Open DHCP Server Version 1.81 Windows Build 1055 (64bit) Starting...
[09-Jun-22 18:24:05] Logging: Normal
[09-Jun-22 18:24:05] Warning: No IP Address for DHCP Static Host ff:00:27:78:7b:02 specified
[09-Jun-22 18:24:05] Server Name: TIC18-SAMPIEMOT
[09-Jun-22 18:24:05] Detecting Static Interfaces..
[09-Jun-22 18:24:05] Warning: No IP Address for DHCP Static Host 00:ff:a4:0e:ef:99 specified
[09-Jun-22 18:24:05] Warning: No IP Address for DHCP Static Host ff:00:27:78:7b:01 specified
[09-Jun-22 18:24:05] Warning: No IP Address for DHCP Static Host ff:00:27:78:7b:03 specified
[09-Jun-22 18:24:05] Default Lease: 36000 (sec)
[09-Jun-22 18:24:05] No Static Interface ready, Waiting...
[09-Jun-22 18:24:07] Network changed, re-detecting Static Interfaces..
[09-Jun-22 18:24:07] No Static Interface ready, Waiting...
[09-Jun-22 18:24:10] Network changed, re-detecting Static Interfaces..
[09-Jun-22 18:24:10] No Static Interface ready, Waiting...
[09-Jun-22 18:24:14] Network changed, re-detecting Static Interfaces..
[09-Jun-22 18:24:14] No Static Interface ready, Waiting...
[09-Jun-22 18:24:16] Network changed, re-detecting Static Interfaces..
[09-Jun-22 18:24:16] No Static Interface ready, Waiting...
[09-Jun-22 18:26:03] Network changed, re-detecting Static Interfaces..
[09-Jun-22 18:26:03] No Static Interface ready, Waiting...
[09-Jun-22 20:18:36] Closing Network Connections...
[09-Jun-22 20:18:36] Open DHCP Server Stopped !

[09-Jun-22 20:18:38] Network changed, re-detecting Static Interfaces..
[09-Jun-22 20:18:38] No Static Interface ready, Waiting...
[09-Jun-22 21:02:04] Open DHCP Server Version 1.81 Windows Build 1055 (64bit) Starting...
[09-Jun-22 21:02:04] Logging: Normal
[09-Jun-22 21:02:04] Warning: No IP Address for DHCP Static Host ff:00:27:78:7b:01 specified
[09-Jun-22 21:02:04] Warning: No IP Address for DHCP Static Host ff:00:27:78:7b:02 specified
[09-Jun-22 21:02:04] Default Lease: 36000 (sec)
[09-Jun-22 21:02:04] Server Name: TIC18-SAMPIEMOT
[09-Jun-22 21:02:04] Warning: No IP Address for DHCP Static Host 00:ff:a4:0e:ef:99 specified
[09-Jun-22 21:02:04] Warning: No IP Address for DHCP Static Host ff:00:27:78:7b:03 specified
[09-Jun-22 21:02:04] Detecting Static Interfaces..
[09-Jun-22 21:02:04] No Static Interface ready, Waiting...
[09-Jun-22 21:02:07] Network changed, re-detecting Static Interfaces..
[09-Jun-22 21:02:07] No Static Interface ready, Waiting...
[09-Jun-22 21:02:09] Network changed, re-detecting Static Interfaces..
[09-Jun-22 21:02:09] No Static Interface ready, Waiting...
[09-Jun-22 21:02:14] Network changed, re-detecting Static Interfaces..
[09-Jun-22 21:02:14] No Static Interface ready, Waiting...
[09-Jun-22 21:02:16] Network changed, re-detecting Static Interfaces..
[09-Jun-22 21:02:16] No Static Interface ready, Waiting...
[09-Jun-22 21:04:01] Network changed, re-detecting Static Interfaces..
[09-Jun-22 21:04:01] No Static Interface ready, Waiting...
[09-Jun-22 21:05:23] Network changed, re-detecting Static Interfaces..
[09-Jun-22 21:05:23] No Static Interface ready, Waiting...
[09-Jun-22 21:08:31] Network changed, re-detecting Static Interfaces..
[09-Jun-22 21:08:31] No Static Interface ready, Waiting...
Logging Continued on file C:\OpenDHCPServer\log\OpenDHCPServer20220610.log
