[03-Jun-22 09:08:32] Open DHCP Server Version 1.81 Windows Build 1055 (64bit) Starting...
[03-Jun-22 09:08:32] Logging: Normal
[03-Jun-22 09:08:32] Warning: No IP Address for DHCP Static Host ff:00:27:78:7b:02 specified
[03-Jun-22 09:08:32] Server Name: TIC18-SAMPIEMOT
[03-Jun-22 09:08:32] Detecting Static Interfaces..
[03-Jun-22 09:08:32] Warning: No IP Address for DHCP Static Host 00:ff:a4:0e:ef:99 specified
[03-Jun-22 09:08:32] Warning: No IP Address for DHCP Static Host ff:00:27:78:7b:01 specified
[03-Jun-22 09:08:32] Warning: No IP Address for DHCP Static Host ff:00:27:78:7b:03 specified
[03-Jun-22 09:08:32] Default Lease: 36000 (sec)
[03-Jun-22 09:08:32] No Static Interface ready, Waiting...
[03-Jun-22 09:08:34] Network changed, re-detecting Static Interfaces..
[03-Jun-22 09:08:34] No Static Interface ready, Waiting...
[03-Jun-22 09:08:37] Network changed, re-detecting Static Interfaces..
[03-Jun-22 09:08:37] No Static Interface ready, Waiting...
[03-Jun-22 09:08:41] Network changed, re-detecting Static Interfaces..
[03-Jun-22 09:08:41] No Static Interface ready, Waiting...
[03-Jun-22 09:08:44] Network changed, re-detecting Static Interfaces..
[03-Jun-22 09:08:44] No Static Interface ready, Waiting...
[03-Jun-22 09:10:30] Network changed, re-detecting Static Interfaces..
[03-Jun-22 09:10:30] No Static Interface ready, Waiting...
[03-Jun-22 14:46:56] Network changed, re-detecting Static Interfaces..
[03-Jun-22 14:46:56] No Static Interface ready, Waiting...
[03-Jun-22 16:20:23] Network changed, re-detecting Static Interfaces..
[03-Jun-22 16:20:24] No Static Interface ready, Waiting...
[03-Jun-22 16:20:24] Network changed, re-detecting Static Interfaces..
[03-Jun-22 16:20:24] No Static Interface ready, Waiting...
[03-Jun-22 16:20:27] Network changed, re-detecting Static Interfaces..
[03-Jun-22 16:20:27] No Static Interface ready, Waiting...
[03-Jun-22 16:20:30] Network changed, re-detecting Static Interfaces..
[03-Jun-22 16:20:30] No Static Interface ready, Waiting...
[03-Jun-22 16:20:41] Network changed, re-detecting Static Interfaces..
[03-Jun-22 16:20:41] No Static Interface ready, Waiting...
[03-Jun-22 16:20:54] Network changed, re-detecting Static Interfaces..
[03-Jun-22 16:20:54] No Static Interface ready, Waiting...
[03-Jun-22 16:20:55] Network changed, re-detecting Static Interfaces..
[03-Jun-22 16:20:55] No Static Interface ready, Waiting...
[03-Jun-22 16:20:57] Network changed, re-detecting Static Interfaces..
[03-Jun-22 16:20:57] No Static Interface ready, Waiting...
[03-Jun-22 16:21:04] Network changed, re-detecting Static Interfaces..
[03-Jun-22 16:21:04] No Static Interface ready, Waiting...
[03-Jun-22 16:21:07] Network changed, re-detecting Static Interfaces..
[03-Jun-22 16:21:07] No Static Interface ready, Waiting...
[03-Jun-22 16:21:10] Network changed, re-detecting Static Interfaces..
[03-Jun-22 16:21:10] No Static Interface ready, Waiting...
[03-Jun-22 16:22:56] Network changed, re-detecting Static Interfaces..
[03-Jun-22 16:22:56] No Static Interface ready, Waiting...
[03-Jun-22 17:57:20] Closing Network Connections...
[03-Jun-22 17:57:20] Open DHCP Server Stopped !

[03-Jun-22 17:57:22] Network changed, re-detecting Static Interfaces..
[03-Jun-22 17:57:22] No Static Interface ready, Waiting...
[03-Jun-22 19:03:40] Open DHCP Server Version 1.81 Windows Build 1055 (64bit) Starting...
[03-Jun-22 19:03:40] Logging: Normal
[03-Jun-22 19:03:40] Warning: No IP Address for DHCP Static Host 00:ff:a4:0e:ef:99 specified
[03-Jun-22 19:03:40] Warning: No IP Address for DHCP Static Host ff:00:27:78:7b:01 specified
[03-Jun-22 19:03:40] Warning: No IP Address for DHCP Static Host ff:00:27:78:7b:02 specified
[03-Jun-22 19:03:40] Warning: No IP Address for DHCP Static Host ff:00:27:78:7b:03 specified
[03-Jun-22 19:03:40] Default Lease: 36000 (sec)
[03-Jun-22 19:03:40] Server Name: TIC18-SAMPIEMOT
[03-Jun-22 19:03:40] Detecting Static Interfaces..
[03-Jun-22 19:03:40] No Static Interface ready, Waiting...
[03-Jun-22 19:03:42] Network changed, re-detecting Static Interfaces..
[03-Jun-22 19:03:42] No Static Interface ready, Waiting...
[03-Jun-22 19:03:46] Network changed, re-detecting Static Interfaces..
[03-Jun-22 19:03:46] No Static Interface ready, Waiting...
[03-Jun-22 19:03:49] Network changed, re-detecting Static Interfaces..
[03-Jun-22 19:03:49] No Static Interface ready, Waiting...
[03-Jun-22 19:03:52] Network changed, re-detecting Static Interfaces..
[03-Jun-22 19:03:52] No Static Interface ready, Waiting...
[03-Jun-22 19:05:38] Network changed, re-detecting Static Interfaces..
[03-Jun-22 19:05:38] No Static Interface ready, Waiting...
Logging Continued on file C:\OpenDHCPServer\log\OpenDHCPServer20220604.log
