Open DHCP Server Version 1.81 Windows Build 1055

[26-Jun-22 01:30:26] Closing Network Connections...
[26-Jun-22 01:30:26] Open DHCP Server Stopped !

[26-Jun-22 12:10:11] Open DHCP Server Version 1.81 Windows Build 1055 (64bit) Starting...
[26-Jun-22 12:10:11] Logging: Normal
[26-Jun-22 12:10:11] Warning: No IP Address for DHCP Static Host 00:ff:a4:0e:ef:99 specified
[26-Jun-22 12:10:11] Warning: No IP Address for DHCP Static Host ff:00:27:78:7b:03 specified
[26-Jun-22 12:10:11] Detecting Static Interfaces..
[26-Jun-22 12:10:11] Warning: No IP Address for DHCP Static Host ff:00:27:78:7b:01 specified
[26-Jun-22 12:10:11] Warning: No IP Address for DHCP Static Host ff:00:27:78:7b:02 specified
[26-Jun-22 12:10:11] Default Lease: 36000 (sec)
[26-Jun-22 12:10:11] Server Name: TIC18-SAMPIEMOT
[26-Jun-22 12:10:11] No Static Interface ready, Waiting...
[26-Jun-22 12:10:13] Network changed, re-detecting Static Interfaces..
[26-Jun-22 12:10:13] No Static Interface ready, Waiting...
[26-Jun-22 12:10:16] Network changed, re-detecting Static Interfaces..
[26-Jun-22 12:10:16] No Static Interface ready, Waiting...
[26-Jun-22 12:10:20] Network changed, re-detecting Static Interfaces..
[26-Jun-22 12:10:20] No Static Interface ready, Waiting...
[26-Jun-22 12:10:23] Network changed, re-detecting Static Interfaces..
[26-Jun-22 12:10:23] No Static Interface ready, Waiting...
[26-Jun-22 12:12:09] Network changed, re-detecting Static Interfaces..
[26-Jun-22 12:12:09] No Static Interface ready, Waiting...
[26-Jun-22 16:28:14] Network changed, re-detecting Static Interfaces..
[26-Jun-22 16:28:14] No Static Interface ready, Waiting...
[26-Jun-22 16:31:23] Network changed, re-detecting Static Interfaces..
[26-Jun-22 16:31:23] No Static Interface ready, Waiting...
[26-Jun-22 17:57:00] Network changed, re-detecting Static Interfaces..
[26-Jun-22 17:57:00] No Static Interface ready, Waiting...
[26-Jun-22 18:00:09] Network changed, re-detecting Static Interfaces..
[26-Jun-22 18:00:09] No Static Interface ready, Waiting...
[26-Jun-22 18:40:14] Open DHCP Server Stopped !

[26-Jun-22 18:40:14] Closing Network Connections...
[26-Jun-22 19:12:05] Open DHCP Server Version 1.81 Windows Build 1055 (64bit) Starting...
[26-Jun-22 19:12:05] Logging: Normal
[26-Jun-22 19:12:05] Warning: No IP Address for DHCP Static Host ff:00:27:78:7b:02 specified
[26-Jun-22 19:12:05] Server Name: TIC18-SAMPIEMOT
[26-Jun-22 19:12:05] Detecting Static Interfaces..
[26-Jun-22 19:12:05] Warning: No IP Address for DHCP Static Host 00:ff:a4:0e:ef:99 specified
[26-Jun-22 19:12:05] Warning: No IP Address for DHCP Static Host ff:00:27:78:7b:01 specified
[26-Jun-22 19:12:05] Warning: No IP Address for DHCP Static Host ff:00:27:78:7b:03 specified
[26-Jun-22 19:12:05] Default Lease: 36000 (sec)
[26-Jun-22 19:12:05] No Static Interface ready, Waiting...
[26-Jun-22 19:12:08] Network changed, re-detecting Static Interfaces..
[26-Jun-22 19:12:08] No Static Interface ready, Waiting...
[26-Jun-22 19:12:10] Network changed, re-detecting Static Interfaces..
[26-Jun-22 19:12:10] No Static Interface ready, Waiting...
[26-Jun-22 19:12:14] Network changed, re-detecting Static Interfaces..
[26-Jun-22 19:12:14] No Static Interface ready, Waiting...
[26-Jun-22 19:12:16] Network changed, re-detecting Static Interfaces..
[26-Jun-22 19:12:16] No Static Interface ready, Waiting...
[26-Jun-22 19:14:03] Network changed, re-detecting Static Interfaces..
[26-Jun-22 19:14:03] No Static Interface ready, Waiting...
[26-Jun-22 23:34:59] Closing Network Connections...
[26-Jun-22 23:34:59] Open DHCP Server Stopped !

[26-Jun-22 23:35:01] Network changed, re-detecting Static Interfaces..
[26-Jun-22 23:35:01] No Static Interface ready, Waiting...
