[23-Jun-22 10:57:14] Open DHCP Server Version 1.81 Windows Build 1055 (64bit) Starting...
[23-Jun-22 10:57:15] Logging: Normal
[23-Jun-22 10:57:15] Warning: No IP Address for DHCP Static Host 00:ff:a4:0e:ef:99 specified
[23-Jun-22 10:57:15] Warning: No IP Address for DHCP Static Host ff:00:27:78:7b:01 specified
[23-Jun-22 10:57:15] Warning: No IP Address for DHCP Static Host ff:00:27:78:7b:03 specified
[23-Jun-22 10:57:15] Default Lease: 36000 (sec)
[23-Jun-22 10:57:15] Warning: No IP Address for DHCP Static Host ff:00:27:78:7b:02 specified
[23-Jun-22 10:57:15] Server Name: TIC18-SAMPIEMOT
[23-Jun-22 10:57:15] Detecting Static Interfaces..
[23-Jun-22 10:57:15] No Static Interface ready, Waiting...
[23-Jun-22 10:57:16] Network changed, re-detecting Static Interfaces..
[23-Jun-22 10:57:16] No Static Interface ready, Waiting...
[23-Jun-22 10:57:19] Network changed, re-detecting Static Interfaces..
[23-Jun-22 10:57:19] No Static Interface ready, Waiting...
[23-Jun-22 10:57:23] Network changed, re-detecting Static Interfaces..
[23-Jun-22 10:57:23] No Static Interface ready, Waiting...
[23-Jun-22 10:57:26] Network changed, re-detecting Static Interfaces..
[23-Jun-22 10:57:26] No Static Interface ready, Waiting...
[23-Jun-22 10:59:12] Network changed, re-detecting Static Interfaces..
[23-Jun-22 10:59:12] No Static Interface ready, Waiting...
[23-Jun-22 12:11:29] Closing Network Connections...
[23-Jun-22 12:11:29] Open DHCP Server Stopped !

[23-Jun-22 12:11:31] Network changed, re-detecting Static Interfaces..
[23-Jun-22 12:11:31] No Static Interface ready, Waiting...
[23-Jun-22 12:26:32] Logging: Normal
[23-Jun-22 12:26:32] Open DHCP Server Version 1.81 Windows Build 1055 (64bit) Starting...
[23-Jun-22 12:26:32] Warning: No IP Address for DHCP Static Host ff:00:27:78:7b:01 specified
[23-Jun-22 12:26:32] Warning: No IP Address for DHCP Static Host ff:00:27:78:7b:02 specified
[23-Jun-22 12:26:32] Default Lease: 36000 (sec)
[23-Jun-22 12:26:32] Server Name: TIC18-SAMPIEMOT
[23-Jun-22 12:26:32] Warning: No IP Address for DHCP Static Host 00:ff:a4:0e:ef:99 specified
[23-Jun-22 12:26:32] Warning: No IP Address for DHCP Static Host ff:00:27:78:7b:03 specified
[23-Jun-22 12:26:32] Detecting Static Interfaces..
[23-Jun-22 12:26:32] No Static Interface ready, Waiting...
[23-Jun-22 12:26:34] Network changed, re-detecting Static Interfaces..
[23-Jun-22 12:26:34] No Static Interface ready, Waiting...
[23-Jun-22 12:26:37] Network changed, re-detecting Static Interfaces..
[23-Jun-22 12:26:37] No Static Interface ready, Waiting...
[23-Jun-22 12:26:41] Network changed, re-detecting Static Interfaces..
[23-Jun-22 12:26:41] No Static Interface ready, Waiting...
[23-Jun-22 12:26:43] Network changed, re-detecting Static Interfaces..
[23-Jun-22 12:26:43] No Static Interface ready, Waiting...
[23-Jun-22 12:28:29] Network changed, re-detecting Static Interfaces..
[23-Jun-22 12:28:29] No Static Interface ready, Waiting...
[23-Jun-22 13:28:24] Closing Network Connections...
[23-Jun-22 13:28:24] Open DHCP Server Stopped !

[23-Jun-22 13:50:57] Logging: Normal
[23-Jun-22 13:50:57] Open DHCP Server Version 1.81 Windows Build 1055 (64bit) Starting...
[23-Jun-22 13:50:57] Warning: No IP Address for DHCP Static Host ff:00:27:78:7b:01 specified
[23-Jun-22 13:50:57] Warning: No IP Address for DHCP Static Host ff:00:27:78:7b:02 specified
[23-Jun-22 13:50:57] Default Lease: 36000 (sec)
[23-Jun-22 13:50:57] Server Name: TIC18-SAMPIEMOT
[23-Jun-22 13:50:57] Warning: No IP Address for DHCP Static Host 00:ff:a4:0e:ef:99 specified
[23-Jun-22 13:50:57] Warning: No IP Address for DHCP Static Host ff:00:27:78:7b:03 specified
[23-Jun-22 13:50:57] Detecting Static Interfaces..
[23-Jun-22 13:50:57] No Static Interface ready, Waiting...
[23-Jun-22 13:51:00] Network changed, re-detecting Static Interfaces..
[23-Jun-22 13:51:00] No Static Interface ready, Waiting...
[23-Jun-22 13:51:03] Network changed, re-detecting Static Interfaces..
[23-Jun-22 13:51:03] No Static Interface ready, Waiting...
[23-Jun-22 13:51:06] Network changed, re-detecting Static Interfaces..
[23-Jun-22 13:51:06] No Static Interface ready, Waiting...
[23-Jun-22 13:51:09] Network changed, re-detecting Static Interfaces..
[23-Jun-22 13:51:09] No Static Interface ready, Waiting...
[23-Jun-22 13:51:32] Network changed, re-detecting Static Interfaces..
[23-Jun-22 13:51:32] No Static Interface ready, Waiting...
[23-Jun-22 13:52:54] Network changed, re-detecting Static Interfaces..
[23-Jun-22 13:52:54] No Static Interface ready, Waiting...
[23-Jun-22 18:29:14] Closing Network Connections...
[23-Jun-22 18:29:16] Open DHCP Server Stopped !

[23-Jun-22 19:28:15] Open DHCP Server Version 1.81 Windows Build 1055 (64bit) Starting...
[23-Jun-22 19:28:15] Logging: Normal
[23-Jun-22 19:28:16] Warning: No IP Address for DHCP Static Host ff:00:27:78:7b:02 specified
[23-Jun-22 19:28:16] Server Name: TIC18-SAMPIEMOT
[23-Jun-22 19:28:16] Detecting Static Interfaces..
[23-Jun-22 19:28:16] Warning: No IP Address for DHCP Static Host 00:ff:a4:0e:ef:99 specified
[23-Jun-22 19:28:16] Warning: No IP Address for DHCP Static Host ff:00:27:78:7b:01 specified
[23-Jun-22 19:28:16] Warning: No IP Address for DHCP Static Host ff:00:27:78:7b:03 specified
[23-Jun-22 19:28:16] Default Lease: 36000 (sec)
[23-Jun-22 19:28:16] No Static Interface ready, Waiting...
[23-Jun-22 19:28:18] Network changed, re-detecting Static Interfaces..
[23-Jun-22 19:28:18] No Static Interface ready, Waiting...
[23-Jun-22 19:28:21] Network changed, re-detecting Static Interfaces..
[23-Jun-22 19:28:21] No Static Interface ready, Waiting...
[23-Jun-22 19:28:24] Network changed, re-detecting Static Interfaces..
[23-Jun-22 19:28:24] No Static Interface ready, Waiting...
[23-Jun-22 19:28:27] Network changed, re-detecting Static Interfaces..
[23-Jun-22 19:28:27] No Static Interface ready, Waiting...
[23-Jun-22 19:29:38] Network changed, re-detecting Static Interfaces..
[23-Jun-22 19:29:38] No Static Interface ready, Waiting...
[23-Jun-22 19:30:13] Network changed, re-detecting Static Interfaces..
[23-Jun-22 19:30:13] No Static Interface ready, Waiting...
Logging Continued on file C:\OpenDHCPServer\log\OpenDHCPServer20220624.log
