Open DHCP Server Version 1.81 Windows Build 1055

[01-Jun-22 00:20:13] Closing Network Connections...
[01-Jun-22 00:20:13] Open DHCP Server Stopped !

[01-Jun-22 00:20:15] Network changed, re-detecting Static Interfaces..
[01-Jun-22 00:20:15] No Static Interface ready, Waiting...
[01-Jun-22 10:31:07] Open DHCP Server Version 1.81 Windows Build 1055 (64bit) Starting...
[01-Jun-22 10:31:07] Logging: Normal
[01-Jun-22 10:31:07] Warning: No IP Address for DHCP Static Host ff:00:27:78:7b:01 specified
[01-Jun-22 10:31:07] Warning: No IP Address for DHCP Static Host ff:00:27:78:7b:02 specified
[01-Jun-22 10:31:07] Default Lease: 36000 (sec)
[01-Jun-22 10:31:07] Server Name: TIC18-SAMPIEMOT
[01-Jun-22 10:31:07] Warning: No IP Address for DHCP Static Host 00:ff:a4:0e:ef:99 specified
[01-Jun-22 10:31:07] Warning: No IP Address for DHCP Static Host ff:00:27:78:7b:03 specified
[01-Jun-22 10:31:07] Detecting Static Interfaces..
[01-Jun-22 10:31:07] No Static Interface ready, Waiting...
[01-Jun-22 10:31:09] Network changed, re-detecting Static Interfaces..
[01-Jun-22 10:31:09] No Static Interface ready, Waiting...
[01-Jun-22 10:31:12] Network changed, re-detecting Static Interfaces..
[01-Jun-22 10:31:12] No Static Interface ready, Waiting...
[01-Jun-22 10:31:16] Network changed, re-detecting Static Interfaces..
[01-Jun-22 10:31:16] No Static Interface ready, Waiting...
[01-Jun-22 10:31:18] Network changed, re-detecting Static Interfaces..
[01-Jun-22 10:31:18] No Static Interface ready, Waiting...
[01-Jun-22 10:33:04] Network changed, re-detecting Static Interfaces..
[01-Jun-22 10:33:04] No Static Interface ready, Waiting...
[01-Jun-22 20:24:56] Closing Network Connections...
[01-Jun-22 20:24:56] Open DHCP Server Stopped !

[01-Jun-22 20:24:57] Network changed, re-detecting Static Interfaces..
[01-Jun-22 20:24:57] No Static Interface ready, Waiting...
[01-Jun-22 20:57:32] Open DHCP Server Version 1.81 Windows Build 1055 (64bit) Starting...
[01-Jun-22 20:57:32] Logging: Normal
[01-Jun-22 20:57:33] Warning: No IP Address for DHCP Static Host 00:ff:a4:0e:ef:99 specified
[01-Jun-22 20:57:33] Warning: No IP Address for DHCP Static Host ff:00:27:78:7b:03 specified
[01-Jun-22 20:57:33] Warning: No IP Address for DHCP Static Host ff:00:27:78:7b:01 specified
[01-Jun-22 20:57:33] Warning: No IP Address for DHCP Static Host ff:00:27:78:7b:02 specified
[01-Jun-22 20:57:33] Default Lease: 36000 (sec)
[01-Jun-22 20:57:33] Server Name: TIC18-SAMPIEMOT
[01-Jun-22 20:57:33] Detecting Static Interfaces..
[01-Jun-22 20:57:33] No Static Interface ready, Waiting...
[01-Jun-22 20:57:35] Network changed, re-detecting Static Interfaces..
[01-Jun-22 20:57:35] No Static Interface ready, Waiting...
[01-Jun-22 20:57:38] Network changed, re-detecting Static Interfaces..
[01-Jun-22 20:57:38] No Static Interface ready, Waiting...
[01-Jun-22 20:57:42] Network changed, re-detecting Static Interfaces..
[01-Jun-22 20:57:42] No Static Interface ready, Waiting...
[01-Jun-22 20:57:44] Network changed, re-detecting Static Interfaces..
[01-Jun-22 20:57:44] No Static Interface ready, Waiting...
[01-Jun-22 20:59:30] Network changed, re-detecting Static Interfaces..
[01-Jun-22 20:59:30] No Static Interface ready, Waiting...
[01-Jun-22 23:42:28] Closing Network Connections...
[01-Jun-22 23:42:28] Open DHCP Server Stopped !

