Open DHCP Server Version 1.81 Windows Build 1055

[25-Jun-22 01:46:58] Closing Network Connections...
[25-Jun-22 01:46:58] Open DHCP Server Stopped !

[25-Jun-22 01:46:59] Network changed, re-detecting Static Interfaces..
[25-Jun-22 01:46:59] No Static Interface ready, Waiting...
[25-Jun-22 12:48:06] Logging: Normal
[25-Jun-22 12:48:06] Open DHCP Server Version 1.81 Windows Build 1055 (64bit) Starting...
[25-Jun-22 12:48:06] Warning: No IP Address for DHCP Static Host 00:ff:a4:0e:ef:99 specified
[25-Jun-22 12:48:06] Warning: No IP Address for DHCP Static Host ff:00:27:78:7b:03 specified
[25-Jun-22 12:48:06] Detecting Static Interfaces..
[25-Jun-22 12:48:06] Warning: No IP Address for DHCP Static Host ff:00:27:78:7b:01 specified
[25-Jun-22 12:48:06] Warning: No IP Address for DHCP Static Host ff:00:27:78:7b:02 specified
[25-Jun-22 12:48:06] Default Lease: 36000 (sec)
[25-Jun-22 12:48:06] Server Name: TIC18-SAMPIEMOT
[25-Jun-22 12:48:07] No Static Interface ready, Waiting...
[25-Jun-22 12:48:08] Network changed, re-detecting Static Interfaces..
[25-Jun-22 12:48:08] No Static Interface ready, Waiting...
[25-Jun-22 12:48:11] Network changed, re-detecting Static Interfaces..
[25-Jun-22 12:48:11] No Static Interface ready, Waiting...
[25-Jun-22 12:48:15] Network changed, re-detecting Static Interfaces..
[25-Jun-22 12:48:15] No Static Interface ready, Waiting...
[25-Jun-22 12:48:17] Network changed, re-detecting Static Interfaces..
[25-Jun-22 12:48:17] No Static Interface ready, Waiting...
[25-Jun-22 12:50:04] Network changed, re-detecting Static Interfaces..
[25-Jun-22 12:50:04] No Static Interface ready, Waiting...
[25-Jun-22 21:52:26] Closing Network Connections...
[25-Jun-22 21:52:28] Open DHCP Server Stopped !

[25-Jun-22 22:21:44] Open DHCP Server Version 1.81 Windows Build 1055 (64bit) Starting...
[25-Jun-22 22:21:44] Logging: Normal
[25-Jun-22 22:21:44] Warning: No IP Address for DHCP Static Host 00:ff:a4:0e:ef:99 specified
[25-Jun-22 22:21:44] Warning: No IP Address for DHCP Static Host ff:00:27:78:7b:01 specified
[25-Jun-22 22:21:44] Warning: No IP Address for DHCP Static Host ff:00:27:78:7b:02 specified
[25-Jun-22 22:21:44] Warning: No IP Address for DHCP Static Host ff:00:27:78:7b:03 specified
[25-Jun-22 22:21:44] Server Name: TIC18-SAMPIEMOT
[25-Jun-22 22:21:44] Detecting Static Interfaces..
[25-Jun-22 22:21:44] Default Lease: 36000 (sec)
[25-Jun-22 22:21:44] No Static Interface ready, Waiting...
[25-Jun-22 22:21:46] Network changed, re-detecting Static Interfaces..
[25-Jun-22 22:21:46] No Static Interface ready, Waiting...
[25-Jun-22 22:21:49] Network changed, re-detecting Static Interfaces..
[25-Jun-22 22:21:49] No Static Interface ready, Waiting...
[25-Jun-22 22:21:53] Network changed, re-detecting Static Interfaces..
[25-Jun-22 22:21:53] No Static Interface ready, Waiting...
[25-Jun-22 22:21:56] Network changed, re-detecting Static Interfaces..
[25-Jun-22 22:21:56] No Static Interface ready, Waiting...
[25-Jun-22 22:23:42] Network changed, re-detecting Static Interfaces..
[25-Jun-22 22:23:42] No Static Interface ready, Waiting...
Logging Continued on file C:\OpenDHCPServer\log\OpenDHCPServer20220626.log
