[19-Jun-22 10:46:14] Logging: Normal
[19-Jun-22 10:46:14] Open DHCP Server Version 1.81 Windows Build 1055 (64bit) Starting...
[19-Jun-22 10:46:14] Warning: No IP Address for DHCP Static Host ff:00:27:78:7b:01 specified
[19-Jun-22 10:46:14] Warning: No IP Address for DHCP Static Host ff:00:27:78:7b:02 specified
[19-Jun-22 10:46:14] Default Lease: 36000 (sec)
[19-Jun-22 10:46:14] Server Name: TIC18-SAMPIEMOT
[19-Jun-22 10:46:14] Warning: No IP Address for DHCP Static Host 00:ff:a4:0e:ef:99 specified
[19-Jun-22 10:46:14] Warning: No IP Address for DHCP Static Host ff:00:27:78:7b:03 specified
[19-Jun-22 10:46:14] Detecting Static Interfaces..
[19-Jun-22 10:46:14] No Static Interface ready, Waiting...
[19-Jun-22 10:46:16] Network changed, re-detecting Static Interfaces..
[19-Jun-22 10:46:16] No Static Interface ready, Waiting...
[19-Jun-22 10:46:19] Network changed, re-detecting Static Interfaces..
[19-Jun-22 10:46:19] No Static Interface ready, Waiting...
[19-Jun-22 10:46:22] Network changed, re-detecting Static Interfaces..
[19-Jun-22 10:46:22] No Static Interface ready, Waiting...
[19-Jun-22 10:46:25] Network changed, re-detecting Static Interfaces..
[19-Jun-22 10:46:25] No Static Interface ready, Waiting...
[19-Jun-22 10:48:11] Network changed, re-detecting Static Interfaces..
[19-Jun-22 10:48:11] No Static Interface ready, Waiting...
[19-Jun-22 16:52:51] Closing Network Connections...
[19-Jun-22 16:52:51] Open DHCP Server Stopped !

[19-Jun-22 17:25:25] Open DHCP Server Version 1.81 Windows Build 1055 (64bit) Starting...
[19-Jun-22 17:25:25] Logging: Normal
[19-Jun-22 17:25:26] Warning: No IP Address for DHCP Static Host 00:ff:a4:0e:ef:99 specified
[19-Jun-22 17:25:26] Warning: No IP Address for DHCP Static Host ff:00:27:78:7b:03 specified
[19-Jun-22 17:25:26] Detecting Static Interfaces..
[19-Jun-22 17:25:26] Warning: No IP Address for DHCP Static Host ff:00:27:78:7b:01 specified
[19-Jun-22 17:25:26] Warning: No IP Address for DHCP Static Host ff:00:27:78:7b:02 specified
[19-Jun-22 17:25:26] Default Lease: 36000 (sec)
[19-Jun-22 17:25:26] Server Name: TIC18-SAMPIEMOT
[19-Jun-22 17:25:26] No Static Interface ready, Waiting...
[19-Jun-22 17:25:28] Network changed, re-detecting Static Interfaces..
[19-Jun-22 17:25:28] No Static Interface ready, Waiting...
[19-Jun-22 17:25:30] Network changed, re-detecting Static Interfaces..
[19-Jun-22 17:25:30] No Static Interface ready, Waiting...
[19-Jun-22 17:25:34] Network changed, re-detecting Static Interfaces..
[19-Jun-22 17:25:34] No Static Interface ready, Waiting...
[19-Jun-22 17:25:36] Network changed, re-detecting Static Interfaces..
[19-Jun-22 17:25:36] No Static Interface ready, Waiting...
[19-Jun-22 17:27:23] Network changed, re-detecting Static Interfaces..
[19-Jun-22 17:27:23] No Static Interface ready, Waiting...
[19-Jun-22 17:27:59] Network changed, re-detecting Static Interfaces..
[19-Jun-22 17:27:59] No Static Interface ready, Waiting...
[19-Jun-22 17:31:08] Network changed, re-detecting Static Interfaces..
[19-Jun-22 17:31:08] No Static Interface ready, Waiting...
[19-Jun-22 17:34:10] Network changed, re-detecting Static Interfaces..
[19-Jun-22 17:34:10] No Static Interface ready, Waiting...
[19-Jun-22 19:54:21] Network changed, re-detecting Static Interfaces..
[19-Jun-22 19:54:21] No Static Interface ready, Waiting...
Logging Continued on file C:\OpenDHCPServer\log\OpenDHCPServer20220620.log
