[29-Jun-22 08:30:55] Logging: Normal
[29-Jun-22 08:30:55] Open DHCP Server Version 1.81 Windows Build 1055 (64bit) Starting...
[29-Jun-22 08:30:55] Warning: No IP Address for DHCP Static Host 00:ff:a4:0e:ef:99 specified
[29-Jun-22 08:30:55] Warning: No IP Address for DHCP Static Host ff:00:27:78:7b:03 specified
[29-Jun-22 08:30:55] Detecting Static Interfaces..
[29-Jun-22 08:30:55] Warning: No IP Address for DHCP Static Host ff:00:27:78:7b:01 specified
[29-Jun-22 08:30:55] Warning: No IP Address for DHCP Static Host ff:00:27:78:7b:02 specified
[29-Jun-22 08:30:55] Default Lease: 36000 (sec)
[29-Jun-22 08:30:55] Server Name: TIC18-SAMPIEMOT
[29-Jun-22 08:30:55] No Static Interface ready, Waiting...
[29-Jun-22 08:30:57] Network changed, re-detecting Static Interfaces..
[29-Jun-22 08:30:57] No Static Interface ready, Waiting...
[29-Jun-22 08:31:00] Network changed, re-detecting Static Interfaces..
[29-Jun-22 08:31:00] No Static Interface ready, Waiting...
[29-Jun-22 08:31:04] Network changed, re-detecting Static Interfaces..
[29-Jun-22 08:31:04] No Static Interface ready, Waiting...
[29-Jun-22 08:31:06] Network changed, re-detecting Static Interfaces..
[29-Jun-22 08:31:06] No Static Interface ready, Waiting...
[29-Jun-22 08:31:54] Network changed, re-detecting Static Interfaces..
[29-Jun-22 08:31:54] No Static Interface ready, Waiting...
[29-Jun-22 08:32:53] Network changed, re-detecting Static Interfaces..
[29-Jun-22 08:32:53] No Static Interface ready, Waiting...
[29-Jun-22 14:58:14] Open DHCP Server Stopped !

[29-Jun-22 14:58:14] Closing Network Connections...
[29-Jun-22 16:39:53] Open DHCP Server Version 1.81 Windows Build 1055 (64bit) Starting...
[29-Jun-22 16:39:53] Logging: Normal
[29-Jun-22 16:39:54] Warning: No IP Address for DHCP Static Host ff:00:27:78:7b:01 specified
[29-Jun-22 16:39:54] Warning: No IP Address for DHCP Static Host 00:ff:a4:0e:ef:99 specified
[29-Jun-22 16:39:54] Warning: No IP Address for DHCP Static Host ff:00:27:78:7b:03 specified
[29-Jun-22 16:39:54] Detecting Static Interfaces..
[29-Jun-22 16:39:54] Warning: No IP Address for DHCP Static Host ff:00:27:78:7b:02 specified
[29-Jun-22 16:39:54] Default Lease: 36000 (sec)
[29-Jun-22 16:39:54] Server Name: TIC18-SAMPIEMOT
[29-Jun-22 16:39:54] No Static Interface ready, Waiting...
[29-Jun-22 16:39:56] Network changed, re-detecting Static Interfaces..
[29-Jun-22 16:39:56] No Static Interface ready, Waiting...
[29-Jun-22 16:39:59] Network changed, re-detecting Static Interfaces..
[29-Jun-22 16:39:59] No Static Interface ready, Waiting...
[29-Jun-22 16:40:04] Network changed, re-detecting Static Interfaces..
[29-Jun-22 16:40:04] No Static Interface ready, Waiting...
[29-Jun-22 16:41:50] Network changed, re-detecting Static Interfaces..
[29-Jun-22 16:41:50] No Static Interface ready, Waiting...
[29-Jun-22 17:28:26] Open DHCP Server Stopped !

[29-Jun-22 17:28:26] Closing Network Connections...
[29-Jun-22 22:12:19] Open DHCP Server Version 1.81 Windows Build 1055 (64bit) Starting...
[29-Jun-22 22:12:19] Logging: Normal
[29-Jun-22 22:12:19] Warning: No IP Address for DHCP Static Host 00:ff:a4:0e:ef:99 specified
[29-Jun-22 22:12:19] Warning: No IP Address for DHCP Static Host ff:00:27:78:7b:02 specified
[29-Jun-22 22:12:19] Warning: No IP Address for DHCP Static Host ff:00:27:78:7b:01 specified
[29-Jun-22 22:12:19] Server Name: TIC18-SAMPIEMOT
[29-Jun-22 22:12:19] Warning: No IP Address for DHCP Static Host ff:00:27:78:7b:03 specified
[29-Jun-22 22:12:19] Default Lease: 36000 (sec)
[29-Jun-22 22:12:19] Detecting Static Interfaces..
[29-Jun-22 22:12:19] No Static Interface ready, Waiting...
[29-Jun-22 22:12:21] Network changed, re-detecting Static Interfaces..
[29-Jun-22 22:12:21] No Static Interface ready, Waiting...
[29-Jun-22 22:12:24] Network changed, re-detecting Static Interfaces..
[29-Jun-22 22:12:24] No Static Interface ready, Waiting...
[29-Jun-22 22:12:27] Network changed, re-detecting Static Interfaces..
[29-Jun-22 22:12:27] No Static Interface ready, Waiting...
[29-Jun-22 22:12:30] Network changed, re-detecting Static Interfaces..
[29-Jun-22 22:12:30] No Static Interface ready, Waiting...
[29-Jun-22 22:14:16] Network changed, re-detecting Static Interfaces..
[29-Jun-22 22:14:16] No Static Interface ready, Waiting...
[29-Jun-22 22:18:40] Network changed, re-detecting Static Interfaces..
[29-Jun-22 22:18:40] No Static Interface ready, Waiting...
[29-Jun-22 22:21:50] Network changed, re-detecting Static Interfaces..
[29-Jun-22 22:21:50] No Static Interface ready, Waiting...
Logging Continued on file C:\OpenDHCPServer\log\OpenDHCPServer20220630.log
