Open DHCP Server Version 1.81 Windows Build 1055

[01-Jul-22 00:37:41] Closing Network Connections...
[01-Jul-22 00:37:41] Open DHCP Server Stopped !

[01-Jul-22 09:23:07] Open DHCP Server Version 1.81 Windows Build 1055 (64bit) Starting...
[01-Jul-22 09:23:07] Logging: Normal
[01-Jul-22 09:23:07] Warning: No IP Address for DHCP Static Host ff:00:27:78:7b:02 specified
[01-Jul-22 09:23:07] Server Name: TIC18-SAMPIEMOT
[01-Jul-22 09:23:07] Detecting Static Interfaces..
[01-Jul-22 09:23:07] Warning: No IP Address for DHCP Static Host 00:ff:a4:0e:ef:99 specified
[01-Jul-22 09:23:07] Warning: No IP Address for DHCP Static Host ff:00:27:78:7b:01 specified
[01-Jul-22 09:23:07] Warning: No IP Address for DHCP Static Host ff:00:27:78:7b:03 specified
[01-Jul-22 09:23:07] Default Lease: 36000 (sec)
[01-Jul-22 09:23:07] No Static Interface ready, Waiting...
[01-Jul-22 09:23:09] Network changed, re-detecting Static Interfaces..
[01-Jul-22 09:23:09] No Static Interface ready, Waiting...
[01-Jul-22 09:23:12] Network changed, re-detecting Static Interfaces..
[01-Jul-22 09:23:12] No Static Interface ready, Waiting...
[01-Jul-22 09:23:16] Network changed, re-detecting Static Interfaces..
[01-Jul-22 09:23:16] No Static Interface ready, Waiting...
[01-Jul-22 09:23:18] Network changed, re-detecting Static Interfaces..
[01-Jul-22 09:23:18] No Static Interface ready, Waiting...
[01-Jul-22 09:25:05] Network changed, re-detecting Static Interfaces..
[01-Jul-22 09:25:05] No Static Interface ready, Waiting...
[01-Jul-22 09:26:23] Network changed, re-detecting Static Interfaces..
[01-Jul-22 09:26:23] No Static Interface ready, Waiting...
[01-Jul-22 09:29:32] Network changed, re-detecting Static Interfaces..
[01-Jul-22 09:29:32] No Static Interface ready, Waiting...
[01-Jul-22 14:31:18] Closing Network Connections...
[01-Jul-22 14:31:18] Open DHCP Server Stopped !

[01-Jul-22 14:31:20] Network changed, re-detecting Static Interfaces..
[01-Jul-22 14:31:20] No Static Interface ready, Waiting...
[01-Jul-22 15:45:47] Open DHCP Server Version 1.81 Windows Build 1055 (64bit) Starting...
[01-Jul-22 15:45:47] Logging: Normal
[01-Jul-22 15:45:47] Warning: No IP Address for DHCP Static Host 00:ff:a4:0e:ef:99 specified
[01-Jul-22 15:45:47] Warning: No IP Address for DHCP Static Host ff:00:27:78:7b:03 specified
[01-Jul-22 15:45:47] Detecting Static Interfaces..
[01-Jul-22 15:45:47] Warning: No IP Address for DHCP Static Host ff:00:27:78:7b:01 specified
[01-Jul-22 15:45:47] Warning: No IP Address for DHCP Static Host ff:00:27:78:7b:02 specified
[01-Jul-22 15:45:47] Default Lease: 36000 (sec)
[01-Jul-22 15:45:47] Server Name: TIC18-SAMPIEMOT
[01-Jul-22 15:45:47] No Static Interface ready, Waiting...
[01-Jul-22 15:45:49] Network changed, re-detecting Static Interfaces..
[01-Jul-22 15:45:49] No Static Interface ready, Waiting...
[01-Jul-22 15:45:52] Network changed, re-detecting Static Interfaces..
[01-Jul-22 15:45:52] No Static Interface ready, Waiting...
[01-Jul-22 15:45:56] Network changed, re-detecting Static Interfaces..
[01-Jul-22 15:45:56] No Static Interface ready, Waiting...
[01-Jul-22 15:45:58] Network changed, re-detecting Static Interfaces..
[01-Jul-22 15:45:58] No Static Interface ready, Waiting...
[01-Jul-22 15:46:35] Network changed, re-detecting Static Interfaces..
[01-Jul-22 15:46:35] No Static Interface ready, Waiting...
[01-Jul-22 15:47:45] Network changed, re-detecting Static Interfaces..
[01-Jul-22 15:47:45] No Static Interface ready, Waiting...
[01-Jul-22 20:09:12] Closing Network Connections...
[01-Jul-22 20:09:12] Open DHCP Server Stopped !

[01-Jul-22 20:09:14] Network changed, re-detecting Static Interfaces..
[01-Jul-22 20:09:14] No Static Interface ready, Waiting...
[01-Jul-22 20:44:38] Open DHCP Server Version 1.81 Windows Build 1055 (64bit) Starting...
[01-Jul-22 20:44:38] Logging: Normal
[01-Jul-22 20:44:38] Warning: No IP Address for DHCP Static Host ff:00:27:78:7b:02 specified
[01-Jul-22 20:44:38] Server Name: TIC18-SAMPIEMOT
[01-Jul-22 20:44:38] Detecting Static Interfaces..
[01-Jul-22 20:44:38] Warning: No IP Address for DHCP Static Host 00:ff:a4:0e:ef:99 specified
[01-Jul-22 20:44:38] Warning: No IP Address for DHCP Static Host ff:00:27:78:7b:01 specified
[01-Jul-22 20:44:38] Warning: No IP Address for DHCP Static Host ff:00:27:78:7b:03 specified
[01-Jul-22 20:44:38] Default Lease: 36000 (sec)
[01-Jul-22 20:44:38] No Static Interface ready, Waiting...
[01-Jul-22 20:44:40] Network changed, re-detecting Static Interfaces..
[01-Jul-22 20:44:40] No Static Interface ready, Waiting...
[01-Jul-22 20:44:43] Network changed, re-detecting Static Interfaces..
[01-Jul-22 20:44:43] No Static Interface ready, Waiting...
[01-Jul-22 20:44:47] Network changed, re-detecting Static Interfaces..
[01-Jul-22 20:44:47] No Static Interface ready, Waiting...
[01-Jul-22 20:44:49] Network changed, re-detecting Static Interfaces..
[01-Jul-22 20:44:49] No Static Interface ready, Waiting...
[01-Jul-22 20:46:35] Network changed, re-detecting Static Interfaces..
[01-Jul-22 20:46:35] No Static Interface ready, Waiting...
Logging Continued on file C:\OpenDHCPServer\log\OpenDHCPServer20220702.log
