[21-Jun-22 08:42:26] Open DHCP Server Version 1.81 Windows Build 1055 (64bit) Starting...
[21-Jun-22 08:42:26] Logging: Normal
[21-Jun-22 08:42:26] Warning: No IP Address for DHCP Static Host 00:ff:a4:0e:ef:99 specified
[21-Jun-22 08:42:26] Warning: No IP Address for DHCP Static Host ff:00:27:78:7b:02 specified
[21-Jun-22 08:42:26] Server Name: TIC18-SAMPIEMOT
[21-Jun-22 08:42:26] Detecting Static Interfaces..
[21-Jun-22 08:42:26] Warning: No IP Address for DHCP Static Host ff:00:27:78:7b:01 specified
[21-Jun-22 08:42:26] Warning: No IP Address for DHCP Static Host ff:00:27:78:7b:03 specified
[21-Jun-22 08:42:26] Default Lease: 36000 (sec)
[21-Jun-22 08:42:26] No Static Interface ready, Waiting...
[21-Jun-22 08:42:28] Network changed, re-detecting Static Interfaces..
[21-Jun-22 08:42:28] No Static Interface ready, Waiting...
[21-Jun-22 08:42:31] Network changed, re-detecting Static Interfaces..
[21-Jun-22 08:42:31] No Static Interface ready, Waiting...
[21-Jun-22 08:42:34] Network changed, re-detecting Static Interfaces..
[21-Jun-22 08:42:34] No Static Interface ready, Waiting...
[21-Jun-22 08:42:37] Network changed, re-detecting Static Interfaces..
[21-Jun-22 08:42:37] No Static Interface ready, Waiting...
[21-Jun-22 08:44:23] Network changed, re-detecting Static Interfaces..
[21-Jun-22 08:44:23] No Static Interface ready, Waiting...
[21-Jun-22 08:58:18] Closing Network Connections...
[21-Jun-22 08:58:18] Open DHCP Server Stopped !

[21-Jun-22 09:52:55] Open DHCP Server Version 1.81 Windows Build 1055 (64bit) Starting...
[21-Jun-22 09:52:55] Logging: Normal
[21-Jun-22 09:52:56] Warning: No IP Address for DHCP Static Host 00:ff:a4:0e:ef:99 specified
[21-Jun-22 09:52:56] Warning: No IP Address for DHCP Static Host ff:00:27:78:7b:01 specified
[21-Jun-22 09:52:56] Warning: No IP Address for DHCP Static Host ff:00:27:78:7b:03 specified
[21-Jun-22 09:52:56] Default Lease: 36000 (sec)
[21-Jun-22 09:52:56] Warning: No IP Address for DHCP Static Host ff:00:27:78:7b:02 specified
[21-Jun-22 09:52:56] Server Name: TIC18-SAMPIEMOT
[21-Jun-22 09:52:56] Detecting Static Interfaces..
[21-Jun-22 09:52:56] No Static Interface ready, Waiting...
[21-Jun-22 09:52:58] Network changed, re-detecting Static Interfaces..
[21-Jun-22 09:52:58] No Static Interface ready, Waiting...
[21-Jun-22 09:53:01] Network changed, re-detecting Static Interfaces..
[21-Jun-22 09:53:01] No Static Interface ready, Waiting...
[21-Jun-22 09:53:04] Network changed, re-detecting Static Interfaces..
[21-Jun-22 09:53:04] No Static Interface ready, Waiting...
[21-Jun-22 09:53:07] Network changed, re-detecting Static Interfaces..
[21-Jun-22 09:53:07] No Static Interface ready, Waiting...
[21-Jun-22 09:54:53] Network changed, re-detecting Static Interfaces..
[21-Jun-22 09:54:53] No Static Interface ready, Waiting...
[21-Jun-22 10:22:17] Network changed, re-detecting Static Interfaces..
[21-Jun-22 10:22:17] No Static Interface ready, Waiting...
[21-Jun-22 10:25:26] Network changed, re-detecting Static Interfaces..
[21-Jun-22 10:25:26] No Static Interface ready, Waiting...
[21-Jun-22 12:57:58] Network changed, re-detecting Static Interfaces..
[21-Jun-22 12:57:58] No Static Interface ready, Waiting...
[21-Jun-22 13:01:10] Network changed, re-detecting Static Interfaces..
[21-Jun-22 13:01:10] No Static Interface ready, Waiting...
[21-Jun-22 17:24:46] Closing Network Connections...
[21-Jun-22 17:24:46] Open DHCP Server Stopped !

[21-Jun-22 17:24:48] Network changed, re-detecting Static Interfaces..
[21-Jun-22 17:24:48] No Static Interface ready, Waiting...
[21-Jun-22 17:58:05] Open DHCP Server Version 1.81 Windows Build 1055 (64bit) Starting...
[21-Jun-22 17:58:05] Logging: Normal
[21-Jun-22 17:58:05] Warning: No IP Address for DHCP Static Host ff:00:27:78:7b:01 specified
[21-Jun-22 17:58:05] Warning: No IP Address for DHCP Static Host ff:00:27:78:7b:02 specified
[21-Jun-22 17:58:05] Default Lease: 36000 (sec)
[21-Jun-22 17:58:05] Server Name: TIC18-SAMPIEMOT
[21-Jun-22 17:58:05] Warning: No IP Address for DHCP Static Host 00:ff:a4:0e:ef:99 specified
[21-Jun-22 17:58:05] Warning: No IP Address for DHCP Static Host ff:00:27:78:7b:03 specified
[21-Jun-22 17:58:05] Detecting Static Interfaces..
[21-Jun-22 17:58:05] No Static Interface ready, Waiting...
[21-Jun-22 17:58:07] Network changed, re-detecting Static Interfaces..
[21-Jun-22 17:58:07] No Static Interface ready, Waiting...
[21-Jun-22 17:58:10] Network changed, re-detecting Static Interfaces..
[21-Jun-22 17:58:10] No Static Interface ready, Waiting...
[21-Jun-22 17:58:14] Network changed, re-detecting Static Interfaces..
[21-Jun-22 17:58:14] No Static Interface ready, Waiting...
[21-Jun-22 17:58:16] Network changed, re-detecting Static Interfaces..
[21-Jun-22 17:58:16] No Static Interface ready, Waiting...
[21-Jun-22 18:00:03] Network changed, re-detecting Static Interfaces..
[21-Jun-22 18:00:03] No Static Interface ready, Waiting...
[21-Jun-22 23:07:37] Closing Network Connections...
[21-Jun-22 23:07:37] Open DHCP Server Stopped !

