[22-Jun-22 06:15:16] Open DHCP Server Version 1.81 Windows Build 1055 (64bit) Starting...
[22-Jun-22 06:15:16] Logging: Normal
[22-Jun-22 06:15:16] Warning: No IP Address for DHCP Static Host 00:ff:a4:0e:ef:99 specified
[22-Jun-22 06:15:16] Warning: No IP Address for DHCP Static Host ff:00:27:78:7b:03 specified
[22-Jun-22 06:15:16] Detecting Static Interfaces..
[22-Jun-22 06:15:16] Warning: No IP Address for DHCP Static Host ff:00:27:78:7b:01 specified
[22-Jun-22 06:15:16] Warning: No IP Address for DHCP Static Host ff:00:27:78:7b:02 specified
[22-Jun-22 06:15:16] Default Lease: 36000 (sec)
[22-Jun-22 06:15:16] Server Name: TIC18-SAMPIEMOT
[22-Jun-22 06:15:16] No Static Interface ready, Waiting...
[22-Jun-22 06:15:18] Network changed, re-detecting Static Interfaces..
[22-Jun-22 06:15:18] No Static Interface ready, Waiting...
[22-Jun-22 06:15:21] Network changed, re-detecting Static Interfaces..
[22-Jun-22 06:15:21] No Static Interface ready, Waiting...
[22-Jun-22 06:15:24] Network changed, re-detecting Static Interfaces..
[22-Jun-22 06:15:24] No Static Interface ready, Waiting...
[22-Jun-22 06:15:27] Network changed, re-detecting Static Interfaces..
[22-Jun-22 06:15:27] No Static Interface ready, Waiting...
[22-Jun-22 06:17:13] Network changed, re-detecting Static Interfaces..
[22-Jun-22 06:17:13] No Static Interface ready, Waiting...
[22-Jun-22 10:45:16] Network changed, re-detecting Static Interfaces..
[22-Jun-22 10:45:16] No Static Interface ready, Waiting...
[22-Jun-22 10:48:25] Network changed, re-detecting Static Interfaces..
[22-Jun-22 10:48:25] No Static Interface ready, Waiting...
[22-Jun-22 12:15:55] Closing Network Connections...
[22-Jun-22 12:15:55] Open DHCP Server Stopped !

[22-Jun-22 14:05:46] Logging: Normal
[22-Jun-22 14:05:46] Open DHCP Server Version 1.81 Windows Build 1055 (64bit) Starting...
[22-Jun-22 14:05:46] Warning: No IP Address for DHCP Static Host ff:00:27:78:7b:02 specified
[22-Jun-22 14:05:46] Server Name: TIC18-SAMPIEMOT
[22-Jun-22 14:05:46] Detecting Static Interfaces..
[22-Jun-22 14:05:46] Warning: No IP Address for DHCP Static Host 00:ff:a4:0e:ef:99 specified
[22-Jun-22 14:05:46] Warning: No IP Address for DHCP Static Host ff:00:27:78:7b:01 specified
[22-Jun-22 14:05:46] Warning: No IP Address for DHCP Static Host ff:00:27:78:7b:03 specified
[22-Jun-22 14:05:46] Default Lease: 36000 (sec)
[22-Jun-22 14:05:46] No Static Interface ready, Waiting...
[22-Jun-22 14:05:49] Network changed, re-detecting Static Interfaces..
[22-Jun-22 14:05:49] No Static Interface ready, Waiting...
[22-Jun-22 14:05:52] Network changed, re-detecting Static Interfaces..
[22-Jun-22 14:05:52] No Static Interface ready, Waiting...
[22-Jun-22 14:05:57] Network changed, re-detecting Static Interfaces..
[22-Jun-22 14:05:57] No Static Interface ready, Waiting...
[22-Jun-22 14:07:43] Network changed, re-detecting Static Interfaces..
[22-Jun-22 14:07:43] No Static Interface ready, Waiting...
[22-Jun-22 14:12:35] Network changed, re-detecting Static Interfaces..
[22-Jun-22 14:12:35] No Static Interface ready, Waiting...
[22-Jun-22 14:12:39] Network changed, re-detecting Static Interfaces..
[22-Jun-22 14:12:39] No Static Interface ready, Waiting...
[22-Jun-22 14:42:38] Network changed, re-detecting Static Interfaces..
[22-Jun-22 14:42:38] No Static Interface ready, Waiting...
[22-Jun-22 14:48:08] Closing Network Connections...
[22-Jun-22 14:48:08] Open DHCP Server Stopped !

[22-Jun-22 20:00:02] Logging: Normal
[22-Jun-22 20:00:02] Open DHCP Server Version 1.81 Windows Build 1055 (64bit) Starting...
[22-Jun-22 20:00:02] Warning: No IP Address for DHCP Static Host 00:ff:a4:0e:ef:99 specified
[22-Jun-22 20:00:02] Warning: No IP Address for DHCP Static Host ff:00:27:78:7b:03 specified
[22-Jun-22 20:00:02] Detecting Static Interfaces..
[22-Jun-22 20:00:02] Warning: No IP Address for DHCP Static Host ff:00:27:78:7b:01 specified
[22-Jun-22 20:00:02] Warning: No IP Address for DHCP Static Host ff:00:27:78:7b:02 specified
[22-Jun-22 20:00:02] Default Lease: 36000 (sec)
[22-Jun-22 20:00:02] Server Name: TIC18-SAMPIEMOT
[22-Jun-22 20:00:02] No Static Interface ready, Waiting...
[22-Jun-22 20:00:04] Network changed, re-detecting Static Interfaces..
[22-Jun-22 20:00:04] No Static Interface ready, Waiting...
[22-Jun-22 20:00:07] Network changed, re-detecting Static Interfaces..
[22-Jun-22 20:00:07] No Static Interface ready, Waiting...
[22-Jun-22 20:00:10] Network changed, re-detecting Static Interfaces..
[22-Jun-22 20:00:10] No Static Interface ready, Waiting...
[22-Jun-22 20:00:13] Network changed, re-detecting Static Interfaces..
[22-Jun-22 20:00:13] No Static Interface ready, Waiting...
[22-Jun-22 20:01:59] Network changed, re-detecting Static Interfaces..
[22-Jun-22 20:01:59] No Static Interface ready, Waiting...
[22-Jun-22 22:07:11] Closing Network Connections...
[22-Jun-22 22:07:11] Open DHCP Server Stopped !

[22-Jun-22 22:07:13] Network changed, re-detecting Static Interfaces..
[22-Jun-22 22:07:13] No Static Interface ready, Waiting...
