Open DHCP Server Version 1.81 Windows Build 1055

[10-Jun-22 02:00:19] Closing Network Connections...
[10-Jun-22 02:00:19] Open DHCP Server Stopped !

[10-Jun-22 09:45:44] Open DHCP Server Version 1.81 Windows Build 1055 (64bit) Starting...
[10-Jun-22 09:45:44] Logging: Normal
[10-Jun-22 09:45:45] Warning: No IP Address for DHCP Static Host ff:00:27:78:7b:02 specified
[10-Jun-22 09:45:45] Server Name: TIC18-SAMPIEMOT
[10-Jun-22 09:45:45] Detecting Static Interfaces..
[10-Jun-22 09:45:45] Warning: No IP Address for DHCP Static Host 00:ff:a4:0e:ef:99 specified
[10-Jun-22 09:45:45] Warning: No IP Address for DHCP Static Host ff:00:27:78:7b:01 specified
[10-Jun-22 09:45:45] Warning: No IP Address for DHCP Static Host ff:00:27:78:7b:03 specified
[10-Jun-22 09:45:45] Default Lease: 36000 (sec)
[10-Jun-22 09:45:45] No Static Interface ready, Waiting...
[10-Jun-22 09:45:47] Network changed, re-detecting Static Interfaces..
[10-Jun-22 09:45:47] No Static Interface ready, Waiting...
[10-Jun-22 09:45:50] Network changed, re-detecting Static Interfaces..
[10-Jun-22 09:45:50] No Static Interface ready, Waiting...
[10-Jun-22 09:45:53] Network changed, re-detecting Static Interfaces..
[10-Jun-22 09:45:53] No Static Interface ready, Waiting...
[10-Jun-22 09:45:56] Network changed, re-detecting Static Interfaces..
[10-Jun-22 09:45:56] No Static Interface ready, Waiting...
[10-Jun-22 09:47:42] Network changed, re-detecting Static Interfaces..
[10-Jun-22 09:47:42] No Static Interface ready, Waiting...
[10-Jun-22 15:04:51] Network changed, re-detecting Static Interfaces..
[10-Jun-22 15:04:51] No Static Interface ready, Waiting...
[10-Jun-22 15:04:58] Network changed, re-detecting Static Interfaces..
[10-Jun-22 15:04:58] No Static Interface ready, Waiting...
[10-Jun-22 15:08:05] Network changed, re-detecting Static Interfaces..
[10-Jun-22 15:08:05] No Static Interface ready, Waiting...
[10-Jun-22 15:11:15] Network changed, re-detecting Static Interfaces..
[10-Jun-22 15:11:15] No Static Interface ready, Waiting...
[10-Jun-22 17:35:08] Closing Network Connections...
[10-Jun-22 17:35:09] Open DHCP Server Stopped !

[10-Jun-22 18:17:44] Open DHCP Server Version 1.81 Windows Build 1055 (64bit) Starting...
[10-Jun-22 18:17:45] Logging: Normal
[10-Jun-22 18:17:45] Warning: No IP Address for DHCP Static Host 00:ff:a4:0e:ef:99 specified
[10-Jun-22 18:17:45] Warning: No IP Address for DHCP Static Host ff:00:27:78:7b:01 specified
[10-Jun-22 18:17:45] Warning: No IP Address for DHCP Static Host ff:00:27:78:7b:02 specified
[10-Jun-22 18:17:45] Warning: No IP Address for DHCP Static Host ff:00:27:78:7b:03 specified
[10-Jun-22 18:17:45] Default Lease: 36000 (sec)
[10-Jun-22 18:17:45] Server Name: TIC18-SAMPIEMOT
[10-Jun-22 18:17:45] Detecting Static Interfaces..
[10-Jun-22 18:17:45] No Static Interface ready, Waiting...
[10-Jun-22 18:17:47] Network changed, re-detecting Static Interfaces..
[10-Jun-22 18:17:47] No Static Interface ready, Waiting...
[10-Jun-22 18:17:50] Network changed, re-detecting Static Interfaces..
[10-Jun-22 18:17:50] No Static Interface ready, Waiting...
[10-Jun-22 18:17:53] Network changed, re-detecting Static Interfaces..
[10-Jun-22 18:17:53] No Static Interface ready, Waiting...
[10-Jun-22 18:17:56] Network changed, re-detecting Static Interfaces..
[10-Jun-22 18:17:56] No Static Interface ready, Waiting...
[10-Jun-22 18:18:27] Network changed, re-detecting Static Interfaces..
[10-Jun-22 18:18:27] No Static Interface ready, Waiting...
[10-Jun-22 18:19:42] Network changed, re-detecting Static Interfaces..
[10-Jun-22 18:19:42] No Static Interface ready, Waiting...
[10-Jun-22 18:21:36] Network changed, re-detecting Static Interfaces..
[10-Jun-22 18:21:36] No Static Interface ready, Waiting...
[10-Jun-22 18:24:43] Network changed, re-detecting Static Interfaces..
[10-Jun-22 18:24:43] No Static Interface ready, Waiting...
[10-Jun-22 21:27:05] Network changed, re-detecting Static Interfaces..
[10-Jun-22 21:27:05] No Static Interface ready, Waiting...
[10-Jun-22 21:49:42] Network changed, re-detecting Static Interfaces..
[10-Jun-22 21:49:43] No Static Interface ready, Waiting...
[10-Jun-22 21:49:43] Network changed, re-detecting Static Interfaces..
[10-Jun-22 21:49:43] No Static Interface ready, Waiting...
[10-Jun-22 21:49:46] Network changed, re-detecting Static Interfaces..
[10-Jun-22 21:49:46] No Static Interface ready, Waiting...
[10-Jun-22 21:49:49] Network changed, re-detecting Static Interfaces..
[10-Jun-22 21:49:49] No Static Interface ready, Waiting...
[10-Jun-22 21:52:55] Network changed, re-detecting Static Interfaces..
[10-Jun-22 21:52:55] No Static Interface ready, Waiting...
[10-Jun-22 21:56:03] Network changed, re-detecting Static Interfaces..
[10-Jun-22 21:56:03] No Static Interface ready, Waiting...
[10-Jun-22 21:59:12] Network changed, re-detecting Static Interfaces..
[10-Jun-22 21:59:12] No Static Interface ready, Waiting...
Logging Continued on file C:\OpenDHCPServer\log\OpenDHCPServer20220611.log
