Open DHCP Server Version 1.81 Windows Build 1055

[20-Jun-22 00:15:41] Open DHCP Server Stopped !

[20-Jun-22 00:15:41] Closing Network Connections...
[20-Jun-22 08:05:05] Logging: Normal
[20-Jun-22 08:05:05] Open DHCP Server Version 1.81 Windows Build 1055 (64bit) Starting...
[20-Jun-22 08:05:05] Warning: No IP Address for DHCP Static Host 00:ff:a4:0e:ef:99 specified
[20-Jun-22 08:05:05] Warning: No IP Address for DHCP Static Host ff:00:27:78:7b:03 specified
[20-Jun-22 08:05:05] Detecting Static Interfaces..
[20-Jun-22 08:05:05] Warning: No IP Address for DHCP Static Host ff:00:27:78:7b:01 specified
[20-Jun-22 08:05:05] Warning: No IP Address for DHCP Static Host ff:00:27:78:7b:02 specified
[20-Jun-22 08:05:05] Default Lease: 36000 (sec)
[20-Jun-22 08:05:05] Server Name: TIC18-SAMPIEMOT
[20-Jun-22 08:05:05] No Static Interface ready, Waiting...
[20-Jun-22 08:05:08] Network changed, re-detecting Static Interfaces..
[20-Jun-22 08:05:08] No Static Interface ready, Waiting...
[20-Jun-22 08:05:11] Network changed, re-detecting Static Interfaces..
[20-Jun-22 08:05:11] No Static Interface ready, Waiting...
[20-Jun-22 08:05:14] Network changed, re-detecting Static Interfaces..
[20-Jun-22 08:05:14] No Static Interface ready, Waiting...
[20-Jun-22 08:05:16] Network changed, re-detecting Static Interfaces..
[20-Jun-22 08:05:16] No Static Interface ready, Waiting...
[20-Jun-22 08:07:03] Network changed, re-detecting Static Interfaces..
[20-Jun-22 08:07:03] No Static Interface ready, Waiting...
[20-Jun-22 08:08:22] Network changed, re-detecting Static Interfaces..
[20-Jun-22 08:08:22] No Static Interface ready, Waiting...
[20-Jun-22 17:00:38] Closing Network Connections...
[20-Jun-22 17:00:38] Open DHCP Server Stopped !

[20-Jun-22 17:00:40] Network changed, re-detecting Static Interfaces..
[20-Jun-22 17:00:40] No Static Interface ready, Waiting...
[20-Jun-22 17:33:09] Open DHCP Server Version 1.81 Windows Build 1055 (64bit) Starting...
[20-Jun-22 17:33:09] Logging: Normal
[20-Jun-22 17:33:10] Warning: No IP Address for DHCP Static Host 00:ff:a4:0e:ef:99 specified
[20-Jun-22 17:33:10] Warning: No IP Address for DHCP Static Host ff:00:27:78:7b:01 specified
[20-Jun-22 17:33:10] Warning: No IP Address for DHCP Static Host ff:00:27:78:7b:03 specified
[20-Jun-22 17:33:10] Warning: No IP Address for DHCP Static Host ff:00:27:78:7b:02 specified
[20-Jun-22 17:33:10] Server Name: TIC18-SAMPIEMOT
[20-Jun-22 17:33:10] Detecting Static Interfaces..
[20-Jun-22 17:33:10] Default Lease: 36000 (sec)
[20-Jun-22 17:33:10] No Static Interface ready, Waiting...
[20-Jun-22 17:33:12] Network changed, re-detecting Static Interfaces..
[20-Jun-22 17:33:12] No Static Interface ready, Waiting...
[20-Jun-22 17:33:15] Network changed, re-detecting Static Interfaces..
[20-Jun-22 17:33:15] No Static Interface ready, Waiting...
[20-Jun-22 17:33:18] Network changed, re-detecting Static Interfaces..
[20-Jun-22 17:33:18] No Static Interface ready, Waiting...
[20-Jun-22 17:33:21] Network changed, re-detecting Static Interfaces..
[20-Jun-22 17:33:21] No Static Interface ready, Waiting...
[20-Jun-22 17:35:07] Network changed, re-detecting Static Interfaces..
[20-Jun-22 17:35:07] No Static Interface ready, Waiting...
[20-Jun-22 17:36:19] Network changed, re-detecting Static Interfaces..
[20-Jun-22 17:36:19] No Static Interface ready, Waiting...
[20-Jun-22 23:31:30] Closing Network Connections...
[20-Jun-22 23:31:30] Open DHCP Server Stopped !

