Open DHCP Server Version 1.81 Windows Build 1055

[02-Jul-22 02:59:47] Closing Network Connections...
[02-Jul-22 02:59:47] Open DHCP Server Stopped !

[02-Jul-22 10:08:36] Open DHCP Server Version 1.81 Windows Build 1055 (64bit) Starting...
[02-Jul-22 10:08:36] Logging: Normal
[02-Jul-22 10:08:37] Warning: No IP Address for DHCP Static Host 00:ff:a4:0e:ef:99 specified
[02-Jul-22 10:08:37] Warning: No IP Address for DHCP Static Host ff:00:27:78:7b:01 specified
[02-Jul-22 10:08:37] Warning: No IP Address for DHCP Static Host ff:00:27:78:7b:03 specified
[02-Jul-22 10:08:37] Warning: No IP Address for DHCP Static Host ff:00:27:78:7b:02 specified
[02-Jul-22 10:08:37] Server Name: TIC18-SAMPIEMOT
[02-Jul-22 10:08:37] Detecting Static Interfaces..
[02-Jul-22 10:08:37] Default Lease: 36000 (sec)
[02-Jul-22 10:08:37] No Static Interface ready, Waiting...
[02-Jul-22 10:08:38] Network changed, re-detecting Static Interfaces..
[02-Jul-22 10:08:38] No Static Interface ready, Waiting...
[02-Jul-22 10:08:41] Network changed, re-detecting Static Interfaces..
[02-Jul-22 10:08:41] No Static Interface ready, Waiting...
[02-Jul-22 10:08:45] Network changed, re-detecting Static Interfaces..
[02-Jul-22 10:08:45] No Static Interface ready, Waiting...
[02-Jul-22 10:08:48] Network changed, re-detecting Static Interfaces..
[02-Jul-22 10:08:48] No Static Interface ready, Waiting...
[02-Jul-22 10:10:34] Network changed, re-detecting Static Interfaces..
[02-Jul-22 10:10:34] No Static Interface ready, Waiting...
[02-Jul-22 17:57:36] Closing Network Connections...
[02-Jul-22 17:57:36] Open DHCP Server Stopped !

[02-Jul-22 18:44:59] Open DHCP Server Version 1.81 Windows Build 1055 (64bit) Starting...
[02-Jul-22 18:44:59] Logging: Normal
[02-Jul-22 18:44:59] Warning: No IP Address for DHCP Static Host 00:ff:a4:0e:ef:99 specified
[02-Jul-22 18:44:59] Warning: No IP Address for DHCP Static Host ff:00:27:78:7b:03 specified
[02-Jul-22 18:44:59] Warning: No IP Address for DHCP Static Host ff:00:27:78:7b:01 specified
[02-Jul-22 18:44:59] Warning: No IP Address for DHCP Static Host ff:00:27:78:7b:02 specified
[02-Jul-22 18:44:59] Default Lease: 36000 (sec)
[02-Jul-22 18:44:59] Detecting Static Interfaces..
[02-Jul-22 18:44:59] Server Name: TIC18-SAMPIEMOT
[02-Jul-22 18:45:00] No Static Interface ready, Waiting...
[02-Jul-22 18:45:02] No Static Interface ready, Waiting...
[02-Jul-22 18:45:02] Network changed, re-detecting Static Interfaces..
[02-Jul-22 18:45:05] Network changed, re-detecting Static Interfaces..
[02-Jul-22 18:45:05] No Static Interface ready, Waiting...
[02-Jul-22 18:45:08] Network changed, re-detecting Static Interfaces..
[02-Jul-22 18:45:08] No Static Interface ready, Waiting...
[02-Jul-22 18:45:10] Network changed, re-detecting Static Interfaces..
[02-Jul-22 18:45:10] No Static Interface ready, Waiting...
[02-Jul-22 18:46:57] Network changed, re-detecting Static Interfaces..
[02-Jul-22 18:46:57] No Static Interface ready, Waiting...
[02-Jul-22 18:48:16] Network changed, re-detecting Static Interfaces..
[02-Jul-22 18:48:16] No Static Interface ready, Waiting...
[02-Jul-22 19:59:45] Network changed, re-detecting Static Interfaces..
[02-Jul-22 19:59:45] No Static Interface ready, Waiting...
[02-Jul-22 20:03:06] Network changed, re-detecting Static Interfaces..
[02-Jul-22 20:03:06] No Static Interface ready, Waiting...
Logging Continued on file C:\OpenDHCPServer\log\OpenDHCPServer20220703.log
