[08-Jul-22 05:10:11] Logging: Normal
[08-Jul-22 05:10:11] Open DHCP Server Version 1.81 Windows Build 1055 (64bit) Starting...
[08-Jul-22 05:10:11] Warning: No IP Address for DHCP Static Host 00:ff:a4:0e:ef:99 specified
[08-Jul-22 05:10:11] Warning: No IP Address for DHCP Static Host ff:00:27:78:7b:03 specified
[08-Jul-22 05:10:11] Detecting Static Interfaces..
[08-Jul-22 05:10:11] Warning: No IP Address for DHCP Static Host ff:00:27:78:7b:01 specified
[08-Jul-22 05:10:11] Warning: No IP Address for DHCP Static Host ff:00:27:78:7b:02 specified
[08-Jul-22 05:10:11] Default Lease: 36000 (sec)
[08-Jul-22 05:10:11] Server Name: TIC18-SAMPIEMOT
[08-Jul-22 05:10:11] No Static Interface ready, Waiting...
[08-Jul-22 05:10:13] Network changed, re-detecting Static Interfaces..
[08-Jul-22 05:10:13] No Static Interface ready, Waiting...
[08-Jul-22 05:10:16] Network changed, re-detecting Static Interfaces..
[08-Jul-22 05:10:16] No Static Interface ready, Waiting...
[08-Jul-22 05:10:19] Network changed, re-detecting Static Interfaces..
[08-Jul-22 05:10:19] No Static Interface ready, Waiting...
[08-Jul-22 05:10:22] Network changed, re-detecting Static Interfaces..
[08-Jul-22 05:10:22] No Static Interface ready, Waiting...
[08-Jul-22 05:12:08] Network changed, re-detecting Static Interfaces..
[08-Jul-22 05:12:08] No Static Interface ready, Waiting...
[08-Jul-22 06:21:25] Closing Network Connections...
[08-Jul-22 06:21:25] Open DHCP Server Stopped !

[08-Jul-22 12:59:25] Open DHCP Server Version 1.81 Windows Build 1055 (64bit) Starting...
[08-Jul-22 12:59:25] Logging: Normal
[08-Jul-22 12:59:25] Warning: No IP Address for DHCP Static Host 00:ff:a4:0e:ef:99 specified
[08-Jul-22 12:59:25] Warning: No IP Address for DHCP Static Host ff:00:27:78:7b:01 specified
[08-Jul-22 12:59:25] Warning: No IP Address for DHCP Static Host ff:00:27:78:7b:03 specified
[08-Jul-22 12:59:25] Default Lease: 36000 (sec)
[08-Jul-22 12:59:25] Warning: No IP Address for DHCP Static Host ff:00:27:78:7b:02 specified
[08-Jul-22 12:59:25] Server Name: TIC18-SAMPIEMOT
[08-Jul-22 12:59:25] Detecting Static Interfaces..
[08-Jul-22 12:59:25] No Static Interface ready, Waiting...
[08-Jul-22 12:59:27] Network changed, re-detecting Static Interfaces..
[08-Jul-22 12:59:27] No Static Interface ready, Waiting...
[08-Jul-22 12:59:30] Network changed, re-detecting Static Interfaces..
[08-Jul-22 12:59:30] No Static Interface ready, Waiting...
[08-Jul-22 12:59:33] Network changed, re-detecting Static Interfaces..
[08-Jul-22 12:59:33] No Static Interface ready, Waiting...
[08-Jul-22 12:59:36] Network changed, re-detecting Static Interfaces..
[08-Jul-22 12:59:36] No Static Interface ready, Waiting...
[08-Jul-22 13:01:22] Network changed, re-detecting Static Interfaces..
[08-Jul-22 13:01:22] No Static Interface ready, Waiting...
[08-Jul-22 13:02:02] Network changed, re-detecting Static Interfaces..
[08-Jul-22 13:02:02] No Static Interface ready, Waiting...
[08-Jul-22 13:05:12] Network changed, re-detecting Static Interfaces..
[08-Jul-22 13:05:12] No Static Interface ready, Waiting...
[08-Jul-22 17:34:15] Closing Network Connections...
[08-Jul-22 17:34:15] Open DHCP Server Stopped !

[08-Jul-22 17:34:17] Network changed, re-detecting Static Interfaces..
[08-Jul-22 17:34:17] No Static Interface ready, Waiting...
[08-Jul-22 18:07:27] Open DHCP Server Version 1.81 Windows Build 1055 (64bit) Starting...
[08-Jul-22 18:07:27] Logging: Normal
[08-Jul-22 18:07:27] Warning: No IP Address for DHCP Static Host 00:ff:a4:0e:ef:99 specified
[08-Jul-22 18:07:27] Warning: No IP Address for DHCP Static Host ff:00:27:78:7b:03 specified
[08-Jul-22 18:07:27] Detecting Static Interfaces..
[08-Jul-22 18:07:27] Warning: No IP Address for DHCP Static Host ff:00:27:78:7b:01 specified
[08-Jul-22 18:07:27] Warning: No IP Address for DHCP Static Host ff:00:27:78:7b:02 specified
[08-Jul-22 18:07:27] Default Lease: 36000 (sec)
[08-Jul-22 18:07:27] Server Name: TIC18-SAMPIEMOT
[08-Jul-22 18:07:27] No Static Interface ready, Waiting...
[08-Jul-22 18:07:29] Network changed, re-detecting Static Interfaces..
[08-Jul-22 18:07:29] No Static Interface ready, Waiting...
[08-Jul-22 18:07:32] Network changed, re-detecting Static Interfaces..
[08-Jul-22 18:07:32] No Static Interface ready, Waiting...
[08-Jul-22 18:07:35] Network changed, re-detecting Static Interfaces..
[08-Jul-22 18:07:35] No Static Interface ready, Waiting...
[08-Jul-22 18:07:38] Network changed, re-detecting Static Interfaces..
[08-Jul-22 18:07:38] No Static Interface ready, Waiting...
[08-Jul-22 18:09:24] Network changed, re-detecting Static Interfaces..
[08-Jul-22 18:09:24] No Static Interface ready, Waiting...
[08-Jul-22 21:36:04] Network changed, re-detecting Static Interfaces..
[08-Jul-22 21:36:04] No Static Interface ready, Waiting...
[08-Jul-22 21:38:19] Network changed, re-detecting Static Interfaces..
[08-Jul-22 21:38:19] No Static Interface ready, Waiting...
[08-Jul-22 21:41:43] Network changed, re-detecting Static Interfaces..
[08-Jul-22 21:41:43] No Static Interface ready, Waiting...
